[0.214s] DEBUG:colcon:Command line arguments: ['/usr/bin/colcon', 'build']
[0.214s] DEBUG:colcon:Parsed command line arguments: Namespace(allow_overriding=[], ament_cmake_args=None, base_paths=['.'], build_base='build', catkin_cmake_args=None, catkin_skip_building_tests=False, cmake_args=None, cmake_clean_cache=False, cmake_clean_first=False, cmake_force_configure=False, cmake_target=None, cmake_target_skip_unavailable=False, continue_on_error=False, event_handlers=None, executor='parallel', ignore_user_meta=False, install_base='install', log_base=None, log_level=None, main=<bound method BuildVerb.main of <colcon_core.verb.build.BuildVerb object at 0x7f0c6db277c0>>, merge_install=False, metas=['./colcon.meta'], packages_above=None, packages_above_and_dependencies=None, packages_above_depth=None, packages_end=None, packages_ignore=None, packages_ignore_regex=None, packages_select=None, packages_select_build_failed=False, packages_select_by_dep=None, packages_select_regex=None, packages_select_test_failures=False, packages_skip=None, packages_skip_build_finished=False, packages_skip_by_dep=None, packages_skip_regex=None, packages_skip_test_passed=False, packages_skip_up_to=None, packages_start=None, packages_up_to=None, packages_up_to_regex=None, parallel_workers=8, paths=None, symlink_install=False, test_result_base=None, verb_extension=<colcon_core.verb.build.BuildVerb object at 0x7f0c6db277c0>, verb_name='build', verb_parser=<colcon_defaults.argument_parser.defaults.DefaultArgumentsDecorator object at 0x7f0c6d9acc40>)
[0.282s] Level 1:colcon.colcon_core.package_discovery:discover_packages(colcon_meta) check parameters
[0.282s] Level 1:colcon.colcon_core.package_discovery:discover_packages(recursive) check parameters
[0.282s] Level 1:colcon.colcon_core.package_discovery:discover_packages(ignore) check parameters
[0.282s] Level 1:colcon.colcon_core.package_discovery:discover_packages(path) check parameters
[0.282s] Level 1:colcon.colcon_core.package_discovery:discover_packages(colcon_meta) discover
[0.283s] Level 1:colcon.colcon_core.package_discovery:discover_packages(recursive) discover
[0.283s] INFO:colcon.colcon_core.package_discovery:Crawling recursively for packages in '/home/ywzheng/ws_px4'
[0.283s] Level 1:colcon.colcon_core.package_identification:_identify(.) by extensions ['ignore', 'ignore_ament_install']
[0.283s] Level 1:colcon.colcon_core.package_identification:_identify(.) by extension 'ignore'
[0.283s] Level 1:colcon.colcon_core.package_identification:_identify(.) by extension 'ignore_ament_install'
[0.283s] Level 1:colcon.colcon_core.package_identification:_identify(.) by extensions ['colcon_pkg']
[0.283s] Level 1:colcon.colcon_core.package_identification:_identify(.) by extension 'colcon_pkg'
[0.283s] Level 1:colcon.colcon_core.package_identification:_identify(.) by extensions ['colcon_meta']
[0.283s] Level 1:colcon.colcon_core.package_identification:_identify(.) by extension 'colcon_meta'
[0.283s] Level 1:colcon.colcon_core.package_identification:_identify(.) by extensions ['ros']
[0.283s] Level 1:colcon.colcon_core.package_identification:_identify(.) by extension 'ros'
[0.287s] Level 1:colcon.colcon_core.package_identification:_identify(.) by extensions ['cmake', 'python']
[0.287s] Level 1:colcon.colcon_core.package_identification:_identify(.) by extension 'cmake'
[0.287s] Level 1:colcon.colcon_core.package_identification:_identify(.) by extension 'python'
[0.287s] Level 1:colcon.colcon_core.package_identification:_identify(.) by extensions ['python_setup_py']
[0.287s] Level 1:colcon.colcon_core.package_identification:_identify(.) by extension 'python_setup_py'
[0.287s] Level 1:colcon.colcon_core.package_identification:_identify(build) by extensions ['ignore', 'ignore_ament_install']
[0.287s] Level 1:colcon.colcon_core.package_identification:_identify(build) by extension 'ignore'
[0.287s] Level 1:colcon.colcon_core.package_identification:_identify(build) ignored
[0.287s] Level 1:colcon.colcon_core.package_identification:_identify(install) by extensions ['ignore', 'ignore_ament_install']
[0.287s] Level 1:colcon.colcon_core.package_identification:_identify(install) by extension 'ignore'
[0.288s] Level 1:colcon.colcon_core.package_identification:_identify(install) ignored
[0.288s] Level 1:colcon.colcon_core.package_identification:_identify(log) by extensions ['ignore', 'ignore_ament_install']
[0.288s] Level 1:colcon.colcon_core.package_identification:_identify(log) by extension 'ignore'
[0.288s] Level 1:colcon.colcon_core.package_identification:_identify(log) ignored
[0.288s] Level 1:colcon.colcon_core.package_identification:_identify(src) by extensions ['ignore', 'ignore_ament_install']
[0.288s] Level 1:colcon.colcon_core.package_identification:_identify(src) by extension 'ignore'
[0.288s] Level 1:colcon.colcon_core.package_identification:_identify(src) by extension 'ignore_ament_install'
[0.288s] Level 1:colcon.colcon_core.package_identification:_identify(src) by extensions ['colcon_pkg']
[0.288s] Level 1:colcon.colcon_core.package_identification:_identify(src) by extension 'colcon_pkg'
[0.288s] Level 1:colcon.colcon_core.package_identification:_identify(src) by extensions ['colcon_meta']
[0.288s] Level 1:colcon.colcon_core.package_identification:_identify(src) by extension 'colcon_meta'
[0.288s] Level 1:colcon.colcon_core.package_identification:_identify(src) by extensions ['ros']
[0.288s] Level 1:colcon.colcon_core.package_identification:_identify(src) by extension 'ros'
[0.288s] Level 1:colcon.colcon_core.package_identification:_identify(src) by extensions ['cmake', 'python']
[0.288s] Level 1:colcon.colcon_core.package_identification:_identify(src) by extension 'cmake'
[0.288s] Level 1:colcon.colcon_core.package_identification:_identify(src) by extension 'python'
[0.289s] Level 1:colcon.colcon_core.package_identification:_identify(src) by extensions ['python_setup_py']
[0.289s] Level 1:colcon.colcon_core.package_identification:_identify(src) by extension 'python_setup_py'
[0.289s] Level 1:colcon.colcon_core.package_identification:_identify(src/px4_msgs) by extensions ['ignore', 'ignore_ament_install']
[0.289s] Level 1:colcon.colcon_core.package_identification:_identify(src/px4_msgs) by extension 'ignore'
[0.289s] Level 1:colcon.colcon_core.package_identification:_identify(src/px4_msgs) by extension 'ignore_ament_install'
[0.289s] Level 1:colcon.colcon_core.package_identification:_identify(src/px4_msgs) by extensions ['colcon_pkg']
[0.289s] Level 1:colcon.colcon_core.package_identification:_identify(src/px4_msgs) by extension 'colcon_pkg'
[0.289s] Level 1:colcon.colcon_core.package_identification:_identify(src/px4_msgs) by extensions ['colcon_meta']
[0.289s] Level 1:colcon.colcon_core.package_identification:_identify(src/px4_msgs) by extension 'colcon_meta'
[0.289s] Level 1:colcon.colcon_core.package_identification:_identify(src/px4_msgs) by extensions ['ros']
[0.289s] Level 1:colcon.colcon_core.package_identification:_identify(src/px4_msgs) by extension 'ros'
[0.292s] DEBUG:colcon.colcon_core.package_identification:Package 'src/px4_msgs' with type 'ros.ament_cmake' and name 'px4_msgs'
[0.292s] Level 1:colcon.colcon_core.package_identification:_identify(src/px4_ros_com) by extensions ['ignore', 'ignore_ament_install']
[0.292s] Level 1:colcon.colcon_core.package_identification:_identify(src/px4_ros_com) by extension 'ignore'
[0.292s] Level 1:colcon.colcon_core.package_identification:_identify(src/px4_ros_com) by extension 'ignore_ament_install'
[0.292s] Level 1:colcon.colcon_core.package_identification:_identify(src/px4_ros_com) by extensions ['colcon_pkg']
[0.292s] Level 1:colcon.colcon_core.package_identification:_identify(src/px4_ros_com) by extension 'colcon_pkg'
[0.292s] Level 1:colcon.colcon_core.package_identification:_identify(src/px4_ros_com) by extensions ['colcon_meta']
[0.292s] Level 1:colcon.colcon_core.package_identification:_identify(src/px4_ros_com) by extension 'colcon_meta'
[0.292s] Level 1:colcon.colcon_core.package_identification:_identify(src/px4_ros_com) by extensions ['ros']
[0.292s] Level 1:colcon.colcon_core.package_identification:_identify(src/px4_ros_com) by extension 'ros'
[0.294s] DEBUG:colcon.colcon_core.package_identification:Package 'src/px4_ros_com' with type 'ros.ament_cmake' and name 'px4_ros_com'
[0.294s] Level 1:colcon.colcon_core.package_discovery:discover_packages(recursive) using defaults
[0.294s] Level 1:colcon.colcon_core.package_discovery:discover_packages(ignore) discover
[0.294s] Level 1:colcon.colcon_core.package_discovery:discover_packages(ignore) using defaults
[0.294s] Level 1:colcon.colcon_core.package_discovery:discover_packages(path) discover
[0.294s] Level 1:colcon.colcon_core.package_discovery:discover_packages(path) using defaults
[0.316s] Level 1:colcon.colcon_core.package_discovery:discover_packages(prefix_path) check parameters
[0.316s] Level 1:colcon.colcon_core.package_discovery:discover_packages(prefix_path) discover
[0.319s] DEBUG:colcon.colcon_installed_package_information.package_discovery:Found 259 installed packages in /opt/ros/foxy
[0.320s] Level 1:colcon.colcon_core.package_discovery:discover_packages(prefix_path) using defaults
[0.376s] Level 5:colcon.colcon_core.verb:set package 'px4_msgs' build argument 'cmake_args' from command line to 'None'
[0.376s] Level 5:colcon.colcon_core.verb:set package 'px4_msgs' build argument 'cmake_target' from command line to 'None'
[0.377s] Level 5:colcon.colcon_core.verb:set package 'px4_msgs' build argument 'cmake_target_skip_unavailable' from command line to 'False'
[0.377s] Level 5:colcon.colcon_core.verb:set package 'px4_msgs' build argument 'cmake_clean_cache' from command line to 'False'
[0.377s] Level 5:colcon.colcon_core.verb:set package 'px4_msgs' build argument 'cmake_clean_first' from command line to 'False'
[0.377s] Level 5:colcon.colcon_core.verb:set package 'px4_msgs' build argument 'cmake_force_configure' from command line to 'False'
[0.377s] Level 5:colcon.colcon_core.verb:set package 'px4_msgs' build argument 'ament_cmake_args' from command line to 'None'
[0.377s] Level 5:colcon.colcon_core.verb:set package 'px4_msgs' build argument 'catkin_cmake_args' from command line to 'None'
[0.377s] Level 5:colcon.colcon_core.verb:set package 'px4_msgs' build argument 'catkin_skip_building_tests' from command line to 'False'
[0.377s] DEBUG:colcon.colcon_core.verb:Building package 'px4_msgs' with the following arguments: {'ament_cmake_args': None, 'build_base': '/home/ywzheng/ws_px4/build/px4_msgs', 'catkin_cmake_args': None, 'catkin_skip_building_tests': False, 'cmake_args': None, 'cmake_clean_cache': False, 'cmake_clean_first': False, 'cmake_force_configure': False, 'cmake_target': None, 'cmake_target_skip_unavailable': False, 'install_base': '/home/ywzheng/ws_px4/install/px4_msgs', 'merge_install': False, 'path': '/home/ywzheng/ws_px4/src/px4_msgs', 'symlink_install': False, 'test_result_base': None}
[0.377s] Level 5:colcon.colcon_core.verb:set package 'px4_ros_com' build argument 'cmake_args' from command line to 'None'
[0.377s] Level 5:colcon.colcon_core.verb:set package 'px4_ros_com' build argument 'cmake_target' from command line to 'None'
[0.377s] Level 5:colcon.colcon_core.verb:set package 'px4_ros_com' build argument 'cmake_target_skip_unavailable' from command line to 'False'
[0.377s] Level 5:colcon.colcon_core.verb:set package 'px4_ros_com' build argument 'cmake_clean_cache' from command line to 'False'
[0.377s] Level 5:colcon.colcon_core.verb:set package 'px4_ros_com' build argument 'cmake_clean_first' from command line to 'False'
[0.377s] Level 5:colcon.colcon_core.verb:set package 'px4_ros_com' build argument 'cmake_force_configure' from command line to 'False'
[0.377s] Level 5:colcon.colcon_core.verb:set package 'px4_ros_com' build argument 'ament_cmake_args' from command line to 'None'
[0.377s] Level 5:colcon.colcon_core.verb:set package 'px4_ros_com' build argument 'catkin_cmake_args' from command line to 'None'
[0.377s] Level 5:colcon.colcon_core.verb:set package 'px4_ros_com' build argument 'catkin_skip_building_tests' from command line to 'False'
[0.377s] DEBUG:colcon.colcon_core.verb:Building package 'px4_ros_com' with the following arguments: {'ament_cmake_args': None, 'build_base': '/home/ywzheng/ws_px4/build/px4_ros_com', 'catkin_cmake_args': None, 'catkin_skip_building_tests': False, 'cmake_args': None, 'cmake_clean_cache': False, 'cmake_clean_first': False, 'cmake_force_configure': False, 'cmake_target': None, 'cmake_target_skip_unavailable': False, 'install_base': '/home/ywzheng/ws_px4/install/px4_ros_com', 'merge_install': False, 'path': '/home/ywzheng/ws_px4/src/px4_ros_com', 'symlink_install': False, 'test_result_base': None}
[0.378s] INFO:colcon.colcon_core.executor:Executing jobs using 'parallel' executor
[0.378s] DEBUG:colcon.colcon_parallel_executor.executor.parallel:run_until_complete
[0.379s] INFO:colcon.colcon_ros.task.ament_cmake.build:Building ROS package in '/home/ywzheng/ws_px4/src/px4_msgs' with build type 'ament_cmake'
[0.379s] INFO:colcon.colcon_cmake.task.cmake.build:Building CMake package in '/home/ywzheng/ws_px4/src/px4_msgs'
[0.381s] INFO:colcon.colcon_core.plugin_system:Skipping extension 'colcon_core.shell.bat': Not used on non-Windows systems
[0.381s] INFO:colcon.colcon_core.shell:Skip shell extension 'powershell' for command environment: Not usable outside of PowerShell
[0.381s] DEBUG:colcon.colcon_core.shell:Skip shell extension 'dsv' for command environment
[0.394s] DEBUG:colcon.colcon_core.event_handler.log_command:Invoking command in '/home/ywzheng/ws_px4/build/px4_msgs': CMAKE_PREFIX_PATH=/opt/ros/foxy /usr/local/bin/cmake --build /home/ywzheng/ws_px4/build/px4_msgs -- -j8 -l8
[2.123s] DEBUG:colcon.colcon_core.event_handler.log_command:Invoked command in '/home/ywzheng/ws_px4/build/px4_msgs' returned '0': CMAKE_PREFIX_PATH=/opt/ros/foxy /usr/local/bin/cmake --build /home/ywzheng/ws_px4/build/px4_msgs -- -j8 -l8
[5.807s] DEBUG:colcon.colcon_core.event_handler.log_command:Invoking command in '/home/ywzheng/ws_px4/build/px4_msgs': CMAKE_PREFIX_PATH=/opt/ros/foxy /usr/local/bin/cmake --install /home/ywzheng/ws_px4/build/px4_msgs
[6.116s] Level 1:colcon.colcon_core.environment:create_environment_scripts_only(px4_msgs)
[6.122s] Level 1:colcon.colcon_core.environment:checking '/home/ywzheng/ws_px4/install/px4_msgs' for CMake module files
[6.124s] Level 1:colcon.colcon_core.environment:checking '/home/ywzheng/ws_px4/install/px4_msgs' for CMake config files
[6.125s] Level 1:colcon.colcon_core.shell:create_environment_hook('px4_msgs', 'cmake_prefix_path')
[6.125s] INFO:colcon.colcon_core.shell:Creating environment hook '/home/ywzheng/ws_px4/install/px4_msgs/share/px4_msgs/hook/cmake_prefix_path.ps1'
[6.126s] INFO:colcon.colcon_core.shell:Creating environment descriptor '/home/ywzheng/ws_px4/install/px4_msgs/share/px4_msgs/hook/cmake_prefix_path.dsv'
[6.127s] INFO:colcon.colcon_core.shell:Creating environment hook '/home/ywzheng/ws_px4/install/px4_msgs/share/px4_msgs/hook/cmake_prefix_path.sh'
[6.128s] Level 1:colcon.colcon_core.environment:checking '/home/ywzheng/ws_px4/install/px4_msgs/lib'
[6.129s] Level 1:colcon.colcon_core.shell:create_environment_hook('px4_msgs', 'ld_library_path_lib')
[6.129s] INFO:colcon.colcon_core.shell:Creating environment hook '/home/ywzheng/ws_px4/install/px4_msgs/share/px4_msgs/hook/ld_library_path_lib.ps1'
[6.129s] INFO:colcon.colcon_core.shell:Creating environment descriptor '/home/ywzheng/ws_px4/install/px4_msgs/share/px4_msgs/hook/ld_library_path_lib.dsv'
[6.130s] INFO:colcon.colcon_core.shell:Creating environment hook '/home/ywzheng/ws_px4/install/px4_msgs/share/px4_msgs/hook/ld_library_path_lib.sh'
[6.131s] Level 1:colcon.colcon_core.environment:checking '/home/ywzheng/ws_px4/install/px4_msgs/bin'
[6.131s] Level 1:colcon.colcon_core.environment:checking '/home/ywzheng/ws_px4/install/px4_msgs/lib/pkgconfig/px4_msgs.pc'
[6.131s] Level 1:colcon.colcon_core.environment:checking '/home/ywzheng/ws_px4/install/px4_msgs/lib/python3.8/site-packages'
[6.131s] Level 1:colcon.colcon_core.shell:create_environment_hook('px4_msgs', 'pythonpath')
[6.131s] INFO:colcon.colcon_core.shell:Creating environment hook '/home/ywzheng/ws_px4/install/px4_msgs/share/px4_msgs/hook/pythonpath.ps1'
[6.132s] INFO:colcon.colcon_core.shell:Creating environment descriptor '/home/ywzheng/ws_px4/install/px4_msgs/share/px4_msgs/hook/pythonpath.dsv'
[6.133s] INFO:colcon.colcon_core.shell:Creating environment hook '/home/ywzheng/ws_px4/install/px4_msgs/share/px4_msgs/hook/pythonpath.sh'
[6.133s] Level 1:colcon.colcon_core.environment:checking '/home/ywzheng/ws_px4/install/px4_msgs/bin'
[6.134s] INFO:colcon.colcon_core.shell:Creating package script '/home/ywzheng/ws_px4/install/px4_msgs/share/px4_msgs/package.ps1'
[6.135s] INFO:colcon.colcon_core.shell:Creating package descriptor '/home/ywzheng/ws_px4/install/px4_msgs/share/px4_msgs/package.dsv'
[6.136s] INFO:colcon.colcon_core.shell:Creating package script '/home/ywzheng/ws_px4/install/px4_msgs/share/px4_msgs/package.sh'
[6.137s] INFO:colcon.colcon_core.shell:Creating package script '/home/ywzheng/ws_px4/install/px4_msgs/share/px4_msgs/package.bash'
[6.138s] INFO:colcon.colcon_core.shell:Creating package script '/home/ywzheng/ws_px4/install/px4_msgs/share/px4_msgs/package.zsh'
[6.139s] Level 1:colcon.colcon_core.environment:create_file_with_runtime_dependencies(/home/ywzheng/ws_px4/install/px4_msgs/share/colcon-core/packages/px4_msgs)
[6.182s] DEBUG:colcon.colcon_core.event_handler.log_command:Invoked command in '/home/ywzheng/ws_px4/build/px4_msgs' returned '0': CMAKE_PREFIX_PATH=/opt/ros/foxy /usr/local/bin/cmake --install /home/ywzheng/ws_px4/build/px4_msgs
[9.815s] Level 1:colcon.colcon_core.environment:create_environment_scripts_only(px4_msgs)
[9.815s] Level 1:colcon.colcon_core.environment:checking '/home/ywzheng/ws_px4/install/px4_msgs' for CMake module files
[9.816s] Level 1:colcon.colcon_core.environment:checking '/home/ywzheng/ws_px4/install/px4_msgs' for CMake config files
[9.816s] Level 1:colcon.colcon_core.shell:create_environment_hook('px4_msgs', 'cmake_prefix_path')
[9.816s] INFO:colcon.colcon_core.shell:Creating environment hook '/home/ywzheng/ws_px4/install/px4_msgs/share/px4_msgs/hook/cmake_prefix_path.ps1'
[9.817s] INFO:colcon.colcon_core.shell:Creating environment descriptor '/home/ywzheng/ws_px4/install/px4_msgs/share/px4_msgs/hook/cmake_prefix_path.dsv'
[9.817s] INFO:colcon.colcon_core.shell:Creating environment hook '/home/ywzheng/ws_px4/install/px4_msgs/share/px4_msgs/hook/cmake_prefix_path.sh'
[9.817s] Level 1:colcon.colcon_core.environment:checking '/home/ywzheng/ws_px4/install/px4_msgs/lib'
[9.818s] Level 1:colcon.colcon_core.shell:create_environment_hook('px4_msgs', 'ld_library_path_lib')
[9.818s] INFO:colcon.colcon_core.shell:Creating environment hook '/home/ywzheng/ws_px4/install/px4_msgs/share/px4_msgs/hook/ld_library_path_lib.ps1'
[9.818s] INFO:colcon.colcon_core.shell:Creating environment descriptor '/home/ywzheng/ws_px4/install/px4_msgs/share/px4_msgs/hook/ld_library_path_lib.dsv'
[9.818s] INFO:colcon.colcon_core.shell:Creating environment hook '/home/ywzheng/ws_px4/install/px4_msgs/share/px4_msgs/hook/ld_library_path_lib.sh'
[9.819s] Level 1:colcon.colcon_core.environment:checking '/home/ywzheng/ws_px4/install/px4_msgs/bin'
[9.819s] Level 1:colcon.colcon_core.environment:checking '/home/ywzheng/ws_px4/install/px4_msgs/lib/pkgconfig/px4_msgs.pc'
[9.819s] Level 1:colcon.colcon_core.environment:checking '/home/ywzheng/ws_px4/install/px4_msgs/lib/python3.8/site-packages'
[9.819s] Level 1:colcon.colcon_core.shell:create_environment_hook('px4_msgs', 'pythonpath')
[9.819s] INFO:colcon.colcon_core.shell:Creating environment hook '/home/ywzheng/ws_px4/install/px4_msgs/share/px4_msgs/hook/pythonpath.ps1'
[9.820s] INFO:colcon.colcon_core.shell:Creating environment descriptor '/home/ywzheng/ws_px4/install/px4_msgs/share/px4_msgs/hook/pythonpath.dsv'
[9.820s] INFO:colcon.colcon_core.shell:Creating environment hook '/home/ywzheng/ws_px4/install/px4_msgs/share/px4_msgs/hook/pythonpath.sh'
[9.820s] Level 1:colcon.colcon_core.environment:checking '/home/ywzheng/ws_px4/install/px4_msgs/bin'
[9.821s] INFO:colcon.colcon_core.shell:Creating package script '/home/ywzheng/ws_px4/install/px4_msgs/share/px4_msgs/package.ps1'
[9.821s] INFO:colcon.colcon_core.shell:Creating package descriptor '/home/ywzheng/ws_px4/install/px4_msgs/share/px4_msgs/package.dsv'
[9.822s] INFO:colcon.colcon_core.shell:Creating package script '/home/ywzheng/ws_px4/install/px4_msgs/share/px4_msgs/package.sh'
[9.822s] INFO:colcon.colcon_core.shell:Creating package script '/home/ywzheng/ws_px4/install/px4_msgs/share/px4_msgs/package.bash'
[9.823s] INFO:colcon.colcon_core.shell:Creating package script '/home/ywzheng/ws_px4/install/px4_msgs/share/px4_msgs/package.zsh'
[9.823s] Level 1:colcon.colcon_core.environment:create_file_with_runtime_dependencies(/home/ywzheng/ws_px4/install/px4_msgs/share/colcon-core/packages/px4_msgs)
[9.823s] INFO:colcon.colcon_ros.task.ament_cmake.build:Building ROS package in '/home/ywzheng/ws_px4/src/px4_ros_com' with build type 'ament_cmake'
[9.824s] INFO:colcon.colcon_cmake.task.cmake.build:Building CMake package in '/home/ywzheng/ws_px4/src/px4_ros_com'
[9.824s] INFO:colcon.colcon_core.shell:Skip shell extension 'powershell' for command environment: Not usable outside of PowerShell
[9.824s] DEBUG:colcon.colcon_core.shell:Skip shell extension 'dsv' for command environment
[9.838s] DEBUG:colcon.colcon_core.event_handler.log_command:Invoking command in '/home/ywzheng/ws_px4/build/px4_ros_com': AMENT_PREFIX_PATH=/home/ywzheng/ws_px4/install/px4_msgs:${AMENT_PREFIX_PATH} CMAKE_PREFIX_PATH=/home/ywzheng/ws_px4/install/px4_msgs:/opt/ros/foxy LD_LIBRARY_PATH=/home/ywzheng/ws_px4/install/px4_msgs/lib:${LD_LIBRARY_PATH} PYTHONPATH=/home/ywzheng/ws_px4/install/px4_msgs/lib/python3.8/site-packages:${PYTHONPATH} /usr/local/bin/cmake --build /home/ywzheng/ws_px4/build/px4_ros_com -- -j8 -l8
[9.883s] DEBUG:colcon.colcon_core.event_handler.log_command:Invoked command in '/home/ywzheng/ws_px4/build/px4_ros_com' returned '0': AMENT_PREFIX_PATH=/home/ywzheng/ws_px4/install/px4_msgs:${AMENT_PREFIX_PATH} CMAKE_PREFIX_PATH=/home/ywzheng/ws_px4/install/px4_msgs:/opt/ros/foxy LD_LIBRARY_PATH=/home/ywzheng/ws_px4/install/px4_msgs/lib:${LD_LIBRARY_PATH} PYTHONPATH=/home/ywzheng/ws_px4/install/px4_msgs/lib/python3.8/site-packages:${PYTHONPATH} /usr/local/bin/cmake --build /home/ywzheng/ws_px4/build/px4_ros_com -- -j8 -l8
[9.914s] DEBUG:colcon.colcon_core.event_handler.log_command:Invoking command in '/home/ywzheng/ws_px4/build/px4_ros_com': AMENT_PREFIX_PATH=/home/ywzheng/ws_px4/install/px4_msgs:${AMENT_PREFIX_PATH} CMAKE_PREFIX_PATH=/home/ywzheng/ws_px4/install/px4_msgs:/opt/ros/foxy LD_LIBRARY_PATH=/home/ywzheng/ws_px4/install/px4_msgs/lib:${LD_LIBRARY_PATH} PYTHONPATH=/home/ywzheng/ws_px4/install/px4_msgs/lib/python3.8/site-packages:${PYTHONPATH} /usr/local/bin/cmake --install /home/ywzheng/ws_px4/build/px4_ros_com
[9.963s] Level 1:colcon.colcon_core.environment:create_environment_scripts_only(px4_ros_com)
[9.963s] Level 1:colcon.colcon_core.environment:checking '/home/ywzheng/ws_px4/install/px4_ros_com' for CMake module files
[9.964s] DEBUG:colcon.colcon_core.event_handler.log_command:Invoked command in '/home/ywzheng/ws_px4/build/px4_ros_com' returned '0': AMENT_PREFIX_PATH=/home/ywzheng/ws_px4/install/px4_msgs:${AMENT_PREFIX_PATH} CMAKE_PREFIX_PATH=/home/ywzheng/ws_px4/install/px4_msgs:/opt/ros/foxy LD_LIBRARY_PATH=/home/ywzheng/ws_px4/install/px4_msgs/lib:${LD_LIBRARY_PATH} PYTHONPATH=/home/ywzheng/ws_px4/install/px4_msgs/lib/python3.8/site-packages:${PYTHONPATH} /usr/local/bin/cmake --install /home/ywzheng/ws_px4/build/px4_ros_com
[9.965s] Level 1:colcon.colcon_core.environment:checking '/home/ywzheng/ws_px4/install/px4_ros_com' for CMake config files
[9.965s] Level 1:colcon.colcon_core.shell:create_environment_hook('px4_ros_com', 'cmake_prefix_path')
[9.965s] INFO:colcon.colcon_core.shell:Creating environment hook '/home/ywzheng/ws_px4/install/px4_ros_com/share/px4_ros_com/hook/cmake_prefix_path.ps1'
[9.966s] INFO:colcon.colcon_core.shell:Creating environment descriptor '/home/ywzheng/ws_px4/install/px4_ros_com/share/px4_ros_com/hook/cmake_prefix_path.dsv'
[9.966s] INFO:colcon.colcon_core.shell:Creating environment hook '/home/ywzheng/ws_px4/install/px4_ros_com/share/px4_ros_com/hook/cmake_prefix_path.sh'
[9.967s] Level 1:colcon.colcon_core.environment:checking '/home/ywzheng/ws_px4/install/px4_ros_com/lib'
[9.967s] Level 1:colcon.colcon_core.shell:create_environment_hook('px4_ros_com', 'ld_library_path_lib')
[9.967s] INFO:colcon.colcon_core.shell:Creating environment hook '/home/ywzheng/ws_px4/install/px4_ros_com/share/px4_ros_com/hook/ld_library_path_lib.ps1'
[9.967s] INFO:colcon.colcon_core.shell:Creating environment descriptor '/home/ywzheng/ws_px4/install/px4_ros_com/share/px4_ros_com/hook/ld_library_path_lib.dsv'
[9.968s] INFO:colcon.colcon_core.shell:Creating environment hook '/home/ywzheng/ws_px4/install/px4_ros_com/share/px4_ros_com/hook/ld_library_path_lib.sh'
[9.968s] Level 1:colcon.colcon_core.environment:checking '/home/ywzheng/ws_px4/install/px4_ros_com/bin'
[9.968s] Level 1:colcon.colcon_core.environment:checking '/home/ywzheng/ws_px4/install/px4_ros_com/lib/pkgconfig/px4_ros_com.pc'
[9.968s] Level 1:colcon.colcon_core.environment:checking '/home/ywzheng/ws_px4/install/px4_ros_com/lib/python3.8/site-packages'
[9.968s] Level 1:colcon.colcon_core.shell:create_environment_hook('px4_ros_com', 'pythonpath')
[9.969s] INFO:colcon.colcon_core.shell:Creating environment hook '/home/ywzheng/ws_px4/install/px4_ros_com/share/px4_ros_com/hook/pythonpath.ps1'
[9.969s] INFO:colcon.colcon_core.shell:Creating environment descriptor '/home/ywzheng/ws_px4/install/px4_ros_com/share/px4_ros_com/hook/pythonpath.dsv'
[9.969s] INFO:colcon.colcon_core.shell:Creating environment hook '/home/ywzheng/ws_px4/install/px4_ros_com/share/px4_ros_com/hook/pythonpath.sh'
[9.970s] Level 1:colcon.colcon_core.environment:checking '/home/ywzheng/ws_px4/install/px4_ros_com/bin'
[9.970s] INFO:colcon.colcon_core.shell:Creating package script '/home/ywzheng/ws_px4/install/px4_ros_com/share/px4_ros_com/package.ps1'
[9.971s] INFO:colcon.colcon_core.shell:Creating package descriptor '/home/ywzheng/ws_px4/install/px4_ros_com/share/px4_ros_com/package.dsv'
[9.971s] INFO:colcon.colcon_core.shell:Creating package script '/home/ywzheng/ws_px4/install/px4_ros_com/share/px4_ros_com/package.sh'
[9.972s] INFO:colcon.colcon_core.shell:Creating package script '/home/ywzheng/ws_px4/install/px4_ros_com/share/px4_ros_com/package.bash'
[9.972s] INFO:colcon.colcon_core.shell:Creating package script '/home/ywzheng/ws_px4/install/px4_ros_com/share/px4_ros_com/package.zsh'
[9.972s] Level 1:colcon.colcon_core.environment:create_file_with_runtime_dependencies(/home/ywzheng/ws_px4/install/px4_ros_com/share/colcon-core/packages/px4_ros_com)
[10.004s] Level 1:colcon.colcon_core.environment:create_environment_scripts_only(px4_ros_com)
[10.005s] Level 1:colcon.colcon_core.environment:checking '/home/ywzheng/ws_px4/install/px4_ros_com' for CMake module files
[10.006s] Level 1:colcon.colcon_core.environment:checking '/home/ywzheng/ws_px4/install/px4_ros_com' for CMake config files
[10.006s] Level 1:colcon.colcon_core.shell:create_environment_hook('px4_ros_com', 'cmake_prefix_path')
[10.006s] INFO:colcon.colcon_core.shell:Creating environment hook '/home/ywzheng/ws_px4/install/px4_ros_com/share/px4_ros_com/hook/cmake_prefix_path.ps1'
[10.007s] INFO:colcon.colcon_core.shell:Creating environment descriptor '/home/ywzheng/ws_px4/install/px4_ros_com/share/px4_ros_com/hook/cmake_prefix_path.dsv'
[10.007s] INFO:colcon.colcon_core.shell:Creating environment hook '/home/ywzheng/ws_px4/install/px4_ros_com/share/px4_ros_com/hook/cmake_prefix_path.sh'
[10.008s] Level 1:colcon.colcon_core.environment:checking '/home/ywzheng/ws_px4/install/px4_ros_com/lib'
[10.008s] Level 1:colcon.colcon_core.shell:create_environment_hook('px4_ros_com', 'ld_library_path_lib')
[10.008s] INFO:colcon.colcon_core.shell:Creating environment hook '/home/ywzheng/ws_px4/install/px4_ros_com/share/px4_ros_com/hook/ld_library_path_lib.ps1'
[10.009s] INFO:colcon.colcon_core.shell:Creating environment descriptor '/home/ywzheng/ws_px4/install/px4_ros_com/share/px4_ros_com/hook/ld_library_path_lib.dsv'
[10.009s] INFO:colcon.colcon_core.shell:Creating environment hook '/home/ywzheng/ws_px4/install/px4_ros_com/share/px4_ros_com/hook/ld_library_path_lib.sh'
[10.009s] Level 1:colcon.colcon_core.environment:checking '/home/ywzheng/ws_px4/install/px4_ros_com/bin'
[10.009s] Level 1:colcon.colcon_core.environment:checking '/home/ywzheng/ws_px4/install/px4_ros_com/lib/pkgconfig/px4_ros_com.pc'
[10.010s] Level 1:colcon.colcon_core.environment:checking '/home/ywzheng/ws_px4/install/px4_ros_com/lib/python3.8/site-packages'
[10.010s] Level 1:colcon.colcon_core.shell:create_environment_hook('px4_ros_com', 'pythonpath')
[10.010s] INFO:colcon.colcon_core.shell:Creating environment hook '/home/ywzheng/ws_px4/install/px4_ros_com/share/px4_ros_com/hook/pythonpath.ps1'
[10.010s] INFO:colcon.colcon_core.shell:Creating environment descriptor '/home/ywzheng/ws_px4/install/px4_ros_com/share/px4_ros_com/hook/pythonpath.dsv'
[10.011s] INFO:colcon.colcon_core.shell:Creating environment hook '/home/ywzheng/ws_px4/install/px4_ros_com/share/px4_ros_com/hook/pythonpath.sh'
[10.011s] Level 1:colcon.colcon_core.environment:checking '/home/ywzheng/ws_px4/install/px4_ros_com/bin'
[10.012s] INFO:colcon.colcon_core.shell:Creating package script '/home/ywzheng/ws_px4/install/px4_ros_com/share/px4_ros_com/package.ps1'
[10.012s] INFO:colcon.colcon_core.shell:Creating package descriptor '/home/ywzheng/ws_px4/install/px4_ros_com/share/px4_ros_com/package.dsv'
[10.013s] INFO:colcon.colcon_core.shell:Creating package script '/home/ywzheng/ws_px4/install/px4_ros_com/share/px4_ros_com/package.sh'
[10.026s] INFO:colcon.colcon_core.shell:Creating package script '/home/ywzheng/ws_px4/install/px4_ros_com/share/px4_ros_com/package.bash'
[10.026s] INFO:colcon.colcon_core.shell:Creating package script '/home/ywzheng/ws_px4/install/px4_ros_com/share/px4_ros_com/package.zsh'
[10.027s] Level 1:colcon.colcon_core.environment:create_file_with_runtime_dependencies(/home/ywzheng/ws_px4/install/px4_ros_com/share/colcon-core/packages/px4_ros_com)
[10.027s] DEBUG:colcon.colcon_parallel_executor.executor.parallel:closing loop
[10.028s] DEBUG:colcon.colcon_parallel_executor.executor.parallel:loop closed
[10.028s] DEBUG:colcon.colcon_parallel_executor.executor.parallel:run_until_complete finished with '0'
[10.028s] DEBUG:colcon.colcon_core.event_reactor:joining thread
[10.035s] INFO:colcon.colcon_core.plugin_system:Skipping extension 'colcon_notification.desktop_notification.terminal_notifier': Not used on non-Darwin systems
[10.035s] INFO:colcon.colcon_core.plugin_system:Skipping extension 'colcon_notification.desktop_notification.win32': Not used on non-Windows systems
[10.035s] INFO:colcon.colcon_notification.desktop_notification:Sending desktop notification using 'notify2'
[10.055s] DEBUG:colcon.colcon_core.event_reactor:joined thread
[10.056s] INFO:colcon.colcon_core.shell:Creating prefix script '/home/ywzheng/ws_px4/install/local_setup.ps1'
[10.057s] INFO:colcon.colcon_core.shell:Creating prefix util module '/home/ywzheng/ws_px4/install/_local_setup_util_ps1.py'
[10.059s] INFO:colcon.colcon_core.shell:Creating prefix chain script '/home/ywzheng/ws_px4/install/setup.ps1'
[10.060s] INFO:colcon.colcon_core.shell:Creating prefix script '/home/ywzheng/ws_px4/install/local_setup.sh'
[10.060s] INFO:colcon.colcon_core.shell:Creating prefix util module '/home/ywzheng/ws_px4/install/_local_setup_util_sh.py'
[10.061s] INFO:colcon.colcon_core.shell:Creating prefix chain script '/home/ywzheng/ws_px4/install/setup.sh'
[10.062s] INFO:colcon.colcon_core.shell:Creating prefix script '/home/ywzheng/ws_px4/install/local_setup.bash'
[10.063s] INFO:colcon.colcon_core.shell:Creating prefix chain script '/home/ywzheng/ws_px4/install/setup.bash'
[10.064s] INFO:colcon.colcon_core.shell:Creating prefix script '/home/ywzheng/ws_px4/install/local_setup.zsh'
[10.064s] INFO:colcon.colcon_core.shell:Creating prefix chain script '/home/ywzheng/ws_px4/install/setup.zsh'
