[0.223s] DEBUG:colcon:Command line arguments: ['/usr/bin/colcon', 'build']
[0.223s] DEBUG:colcon:Parsed command line arguments: Namespace(allow_overriding=[], ament_cmake_args=None, base_paths=['.'], build_base='build', catkin_cmake_args=None, catkin_skip_building_tests=False, cmake_args=None, cmake_clean_cache=False, cmake_clean_first=False, cmake_force_configure=False, cmake_target=None, cmake_target_skip_unavailable=False, continue_on_error=False, event_handlers=None, executor='parallel', ignore_user_meta=False, install_base='install', log_base=None, log_level=None, main=<bound method BuildVerb.main of <colcon_core.verb.build.BuildVerb object at 0x7ffa821c97c0>>, merge_install=False, metas=['./colcon.meta'], packages_above=None, packages_above_and_dependencies=None, packages_above_depth=None, packages_end=None, packages_ignore=None, packages_ignore_regex=None, packages_select=None, packages_select_build_failed=False, packages_select_by_dep=None, packages_select_regex=None, packages_select_test_failures=False, packages_skip=None, packages_skip_build_finished=False, packages_skip_by_dep=None, packages_skip_regex=None, packages_skip_test_passed=False, packages_skip_up_to=None, packages_start=None, packages_up_to=None, packages_up_to_regex=None, parallel_workers=8, paths=None, symlink_install=False, test_result_base=None, verb_extension=<colcon_core.verb.build.BuildVerb object at 0x7ffa821c97c0>, verb_name='build', verb_parser=<colcon_defaults.argument_parser.defaults.DefaultArgumentsDecorator object at 0x7ffa8204fc40>)
[0.293s] Level 1:colcon.colcon_core.package_discovery:discover_packages(colcon_meta) check parameters
[0.293s] Level 1:colcon.colcon_core.package_discovery:discover_packages(recursive) check parameters
[0.293s] Level 1:colcon.colcon_core.package_discovery:discover_packages(ignore) check parameters
[0.293s] Level 1:colcon.colcon_core.package_discovery:discover_packages(path) check parameters
[0.293s] Level 1:colcon.colcon_core.package_discovery:discover_packages(colcon_meta) discover
[0.294s] Level 1:colcon.colcon_core.package_discovery:discover_packages(recursive) discover
[0.294s] INFO:colcon.colcon_core.package_discovery:Crawling recursively for packages in '/home/ywzheng/ws_px4'
[0.294s] Level 1:colcon.colcon_core.package_identification:_identify(.) by extensions ['ignore', 'ignore_ament_install']
[0.294s] Level 1:colcon.colcon_core.package_identification:_identify(.) by extension 'ignore'
[0.294s] Level 1:colcon.colcon_core.package_identification:_identify(.) by extension 'ignore_ament_install'
[0.294s] Level 1:colcon.colcon_core.package_identification:_identify(.) by extensions ['colcon_pkg']
[0.294s] Level 1:colcon.colcon_core.package_identification:_identify(.) by extension 'colcon_pkg'
[0.294s] Level 1:colcon.colcon_core.package_identification:_identify(.) by extensions ['colcon_meta']
[0.294s] Level 1:colcon.colcon_core.package_identification:_identify(.) by extension 'colcon_meta'
[0.294s] Level 1:colcon.colcon_core.package_identification:_identify(.) by extensions ['ros']
[0.294s] Level 1:colcon.colcon_core.package_identification:_identify(.) by extension 'ros'
[0.298s] Level 1:colcon.colcon_core.package_identification:_identify(.) by extensions ['cmake', 'python']
[0.298s] Level 1:colcon.colcon_core.package_identification:_identify(.) by extension 'cmake'
[0.298s] Level 1:colcon.colcon_core.package_identification:_identify(.) by extension 'python'
[0.298s] Level 1:colcon.colcon_core.package_identification:_identify(.) by extensions ['python_setup_py']
[0.298s] Level 1:colcon.colcon_core.package_identification:_identify(.) by extension 'python_setup_py'
[0.298s] Level 1:colcon.colcon_core.package_identification:_identify(build) by extensions ['ignore', 'ignore_ament_install']
[0.298s] Level 1:colcon.colcon_core.package_identification:_identify(build) by extension 'ignore'
[0.298s] Level 1:colcon.colcon_core.package_identification:_identify(build) ignored
[0.299s] Level 1:colcon.colcon_core.package_identification:_identify(install) by extensions ['ignore', 'ignore_ament_install']
[0.299s] Level 1:colcon.colcon_core.package_identification:_identify(install) by extension 'ignore'
[0.299s] Level 1:colcon.colcon_core.package_identification:_identify(install) ignored
[0.299s] Level 1:colcon.colcon_core.package_identification:_identify(log) by extensions ['ignore', 'ignore_ament_install']
[0.299s] Level 1:colcon.colcon_core.package_identification:_identify(log) by extension 'ignore'
[0.299s] Level 1:colcon.colcon_core.package_identification:_identify(log) ignored
[0.299s] Level 1:colcon.colcon_core.package_identification:_identify(src) by extensions ['ignore', 'ignore_ament_install']
[0.299s] Level 1:colcon.colcon_core.package_identification:_identify(src) by extension 'ignore'
[0.299s] Level 1:colcon.colcon_core.package_identification:_identify(src) by extension 'ignore_ament_install'
[0.299s] Level 1:colcon.colcon_core.package_identification:_identify(src) by extensions ['colcon_pkg']
[0.299s] Level 1:colcon.colcon_core.package_identification:_identify(src) by extension 'colcon_pkg'
[0.299s] Level 1:colcon.colcon_core.package_identification:_identify(src) by extensions ['colcon_meta']
[0.299s] Level 1:colcon.colcon_core.package_identification:_identify(src) by extension 'colcon_meta'
[0.299s] Level 1:colcon.colcon_core.package_identification:_identify(src) by extensions ['ros']
[0.299s] Level 1:colcon.colcon_core.package_identification:_identify(src) by extension 'ros'
[0.300s] Level 1:colcon.colcon_core.package_identification:_identify(src) by extensions ['cmake', 'python']
[0.300s] Level 1:colcon.colcon_core.package_identification:_identify(src) by extension 'cmake'
[0.300s] Level 1:colcon.colcon_core.package_identification:_identify(src) by extension 'python'
[0.300s] Level 1:colcon.colcon_core.package_identification:_identify(src) by extensions ['python_setup_py']
[0.300s] Level 1:colcon.colcon_core.package_identification:_identify(src) by extension 'python_setup_py'
[0.300s] Level 1:colcon.colcon_core.package_identification:_identify(src/px4_msgs) by extensions ['ignore', 'ignore_ament_install']
[0.300s] Level 1:colcon.colcon_core.package_identification:_identify(src/px4_msgs) by extension 'ignore'
[0.300s] Level 1:colcon.colcon_core.package_identification:_identify(src/px4_msgs) by extension 'ignore_ament_install'
[0.300s] Level 1:colcon.colcon_core.package_identification:_identify(src/px4_msgs) by extensions ['colcon_pkg']
[0.300s] Level 1:colcon.colcon_core.package_identification:_identify(src/px4_msgs) by extension 'colcon_pkg'
[0.300s] Level 1:colcon.colcon_core.package_identification:_identify(src/px4_msgs) by extensions ['colcon_meta']
[0.300s] Level 1:colcon.colcon_core.package_identification:_identify(src/px4_msgs) by extension 'colcon_meta'
[0.300s] Level 1:colcon.colcon_core.package_identification:_identify(src/px4_msgs) by extensions ['ros']
[0.300s] Level 1:colcon.colcon_core.package_identification:_identify(src/px4_msgs) by extension 'ros'
[0.312s] DEBUG:colcon.colcon_core.package_identification:Package 'src/px4_msgs' with type 'ros.ament_cmake' and name 'px4_msgs'
[0.313s] Level 1:colcon.colcon_core.package_identification:_identify(src/px4_ros_com) by extensions ['ignore', 'ignore_ament_install']
[0.313s] Level 1:colcon.colcon_core.package_identification:_identify(src/px4_ros_com) by extension 'ignore'
[0.313s] Level 1:colcon.colcon_core.package_identification:_identify(src/px4_ros_com) by extension 'ignore_ament_install'
[0.313s] Level 1:colcon.colcon_core.package_identification:_identify(src/px4_ros_com) by extensions ['colcon_pkg']
[0.313s] Level 1:colcon.colcon_core.package_identification:_identify(src/px4_ros_com) by extension 'colcon_pkg'
[0.313s] Level 1:colcon.colcon_core.package_identification:_identify(src/px4_ros_com) by extensions ['colcon_meta']
[0.313s] Level 1:colcon.colcon_core.package_identification:_identify(src/px4_ros_com) by extension 'colcon_meta'
[0.314s] Level 1:colcon.colcon_core.package_identification:_identify(src/px4_ros_com) by extensions ['ros']
[0.314s] Level 1:colcon.colcon_core.package_identification:_identify(src/px4_ros_com) by extension 'ros'
[0.316s] DEBUG:colcon.colcon_core.package_identification:Package 'src/px4_ros_com' with type 'ros.ament_cmake' and name 'px4_ros_com'
[0.316s] Level 1:colcon.colcon_core.package_discovery:discover_packages(recursive) using defaults
[0.316s] Level 1:colcon.colcon_core.package_discovery:discover_packages(ignore) discover
[0.317s] Level 1:colcon.colcon_core.package_discovery:discover_packages(ignore) using defaults
[0.317s] Level 1:colcon.colcon_core.package_discovery:discover_packages(path) discover
[0.317s] Level 1:colcon.colcon_core.package_discovery:discover_packages(path) using defaults
[0.343s] Level 1:colcon.colcon_core.package_discovery:discover_packages(prefix_path) check parameters
[0.343s] Level 1:colcon.colcon_core.package_discovery:discover_packages(prefix_path) discover
[0.346s] DEBUG:colcon.colcon_installed_package_information.package_discovery:Found 259 installed packages in /opt/ros/foxy
[0.348s] Level 1:colcon.colcon_core.package_discovery:discover_packages(prefix_path) using defaults
[0.409s] Level 5:colcon.colcon_core.verb:set package 'px4_msgs' build argument 'cmake_args' from command line to 'None'
[0.409s] Level 5:colcon.colcon_core.verb:set package 'px4_msgs' build argument 'cmake_target' from command line to 'None'
[0.409s] Level 5:colcon.colcon_core.verb:set package 'px4_msgs' build argument 'cmake_target_skip_unavailable' from command line to 'False'
[0.409s] Level 5:colcon.colcon_core.verb:set package 'px4_msgs' build argument 'cmake_clean_cache' from command line to 'False'
[0.409s] Level 5:colcon.colcon_core.verb:set package 'px4_msgs' build argument 'cmake_clean_first' from command line to 'False'
[0.409s] Level 5:colcon.colcon_core.verb:set package 'px4_msgs' build argument 'cmake_force_configure' from command line to 'False'
[0.409s] Level 5:colcon.colcon_core.verb:set package 'px4_msgs' build argument 'ament_cmake_args' from command line to 'None'
[0.409s] Level 5:colcon.colcon_core.verb:set package 'px4_msgs' build argument 'catkin_cmake_args' from command line to 'None'
[0.409s] Level 5:colcon.colcon_core.verb:set package 'px4_msgs' build argument 'catkin_skip_building_tests' from command line to 'False'
[0.409s] DEBUG:colcon.colcon_core.verb:Building package 'px4_msgs' with the following arguments: {'ament_cmake_args': None, 'build_base': '/home/ywzheng/ws_px4/build/px4_msgs', 'catkin_cmake_args': None, 'catkin_skip_building_tests': False, 'cmake_args': None, 'cmake_clean_cache': False, 'cmake_clean_first': False, 'cmake_force_configure': False, 'cmake_target': None, 'cmake_target_skip_unavailable': False, 'install_base': '/home/ywzheng/ws_px4/install/px4_msgs', 'merge_install': False, 'path': '/home/ywzheng/ws_px4/src/px4_msgs', 'symlink_install': False, 'test_result_base': None}
[0.409s] Level 5:colcon.colcon_core.verb:set package 'px4_ros_com' build argument 'cmake_args' from command line to 'None'
[0.409s] Level 5:colcon.colcon_core.verb:set package 'px4_ros_com' build argument 'cmake_target' from command line to 'None'
[0.410s] Level 5:colcon.colcon_core.verb:set package 'px4_ros_com' build argument 'cmake_target_skip_unavailable' from command line to 'False'
[0.410s] Level 5:colcon.colcon_core.verb:set package 'px4_ros_com' build argument 'cmake_clean_cache' from command line to 'False'
[0.410s] Level 5:colcon.colcon_core.verb:set package 'px4_ros_com' build argument 'cmake_clean_first' from command line to 'False'
[0.410s] Level 5:colcon.colcon_core.verb:set package 'px4_ros_com' build argument 'cmake_force_configure' from command line to 'False'
[0.410s] Level 5:colcon.colcon_core.verb:set package 'px4_ros_com' build argument 'ament_cmake_args' from command line to 'None'
[0.410s] Level 5:colcon.colcon_core.verb:set package 'px4_ros_com' build argument 'catkin_cmake_args' from command line to 'None'
[0.410s] Level 5:colcon.colcon_core.verb:set package 'px4_ros_com' build argument 'catkin_skip_building_tests' from command line to 'False'
[0.410s] DEBUG:colcon.colcon_core.verb:Building package 'px4_ros_com' with the following arguments: {'ament_cmake_args': None, 'build_base': '/home/ywzheng/ws_px4/build/px4_ros_com', 'catkin_cmake_args': None, 'catkin_skip_building_tests': False, 'cmake_args': None, 'cmake_clean_cache': False, 'cmake_clean_first': False, 'cmake_force_configure': False, 'cmake_target': None, 'cmake_target_skip_unavailable': False, 'install_base': '/home/ywzheng/ws_px4/install/px4_ros_com', 'merge_install': False, 'path': '/home/ywzheng/ws_px4/src/px4_ros_com', 'symlink_install': False, 'test_result_base': None}
[0.410s] INFO:colcon.colcon_core.executor:Executing jobs using 'parallel' executor
[0.411s] DEBUG:colcon.colcon_parallel_executor.executor.parallel:run_until_complete
[0.411s] INFO:colcon.colcon_ros.task.ament_cmake.build:Building ROS package in '/home/ywzheng/ws_px4/src/px4_msgs' with build type 'ament_cmake'
[0.411s] INFO:colcon.colcon_cmake.task.cmake.build:Building CMake package in '/home/ywzheng/ws_px4/src/px4_msgs'
[0.413s] INFO:colcon.colcon_core.plugin_system:Skipping extension 'colcon_core.shell.bat': Not used on non-Windows systems
[0.414s] INFO:colcon.colcon_core.shell:Skip shell extension 'powershell' for command environment: Not usable outside of PowerShell
[0.414s] DEBUG:colcon.colcon_core.shell:Skip shell extension 'dsv' for command environment
[0.425s] DEBUG:colcon.colcon_core.event_handler.log_command:Invoking command in '/home/ywzheng/ws_px4/build/px4_msgs': CMAKE_PREFIX_PATH=/opt/ros/foxy /usr/local/bin/cmake /home/ywzheng/ws_px4/src/px4_msgs -DCMAKE_INSTALL_PREFIX=/home/ywzheng/ws_px4/install/px4_msgs
[5.321s] DEBUG:colcon.colcon_core.event_handler.log_command:Invoked command in '/home/ywzheng/ws_px4/build/px4_msgs' returned '0': CMAKE_PREFIX_PATH=/opt/ros/foxy /usr/local/bin/cmake /home/ywzheng/ws_px4/src/px4_msgs -DCMAKE_INSTALL_PREFIX=/home/ywzheng/ws_px4/install/px4_msgs
[5.325s] DEBUG:colcon.colcon_core.event_handler.log_command:Invoking command in '/home/ywzheng/ws_px4/build/px4_msgs': CMAKE_PREFIX_PATH=/opt/ros/foxy /usr/local/bin/cmake --build /home/ywzheng/ws_px4/build/px4_msgs -- -j8 -l8
[290.116s] DEBUG:colcon.colcon_core.event_handler.log_command:Invoked command in '/home/ywzheng/ws_px4/build/px4_msgs' returned '0': CMAKE_PREFIX_PATH=/opt/ros/foxy /usr/local/bin/cmake --build /home/ywzheng/ws_px4/build/px4_msgs -- -j8 -l8
[293.796s] DEBUG:colcon.colcon_core.event_handler.log_command:Invoking command in '/home/ywzheng/ws_px4/build/px4_msgs': CMAKE_PREFIX_PATH=/opt/ros/foxy /usr/local/bin/cmake --install /home/ywzheng/ws_px4/build/px4_msgs
[294.498s] Level 1:colcon.colcon_core.environment:create_environment_scripts_only(px4_msgs)
[294.499s] DEBUG:colcon.colcon_core.event_handler.log_command:Invoked command in '/home/ywzheng/ws_px4/build/px4_msgs' returned '0': CMAKE_PREFIX_PATH=/opt/ros/foxy /usr/local/bin/cmake --install /home/ywzheng/ws_px4/build/px4_msgs
[294.512s] Level 1:colcon.colcon_core.environment:checking '/home/ywzheng/ws_px4/install/px4_msgs' for CMake module files
[294.513s] Level 1:colcon.colcon_core.environment:checking '/home/ywzheng/ws_px4/install/px4_msgs' for CMake config files
[294.514s] Level 1:colcon.colcon_core.shell:create_environment_hook('px4_msgs', 'cmake_prefix_path')
[294.514s] INFO:colcon.colcon_core.shell:Creating environment hook '/home/ywzheng/ws_px4/install/px4_msgs/share/px4_msgs/hook/cmake_prefix_path.ps1'
[294.516s] INFO:colcon.colcon_core.shell:Creating environment descriptor '/home/ywzheng/ws_px4/install/px4_msgs/share/px4_msgs/hook/cmake_prefix_path.dsv'
[294.518s] INFO:colcon.colcon_core.shell:Creating environment hook '/home/ywzheng/ws_px4/install/px4_msgs/share/px4_msgs/hook/cmake_prefix_path.sh'
[294.520s] Level 1:colcon.colcon_core.environment:checking '/home/ywzheng/ws_px4/install/px4_msgs/lib'
[294.520s] Level 1:colcon.colcon_core.shell:create_environment_hook('px4_msgs', 'ld_library_path_lib')
[294.521s] INFO:colcon.colcon_core.shell:Creating environment hook '/home/ywzheng/ws_px4/install/px4_msgs/share/px4_msgs/hook/ld_library_path_lib.ps1'
[294.522s] INFO:colcon.colcon_core.shell:Creating environment descriptor '/home/ywzheng/ws_px4/install/px4_msgs/share/px4_msgs/hook/ld_library_path_lib.dsv'
[294.522s] INFO:colcon.colcon_core.shell:Creating environment hook '/home/ywzheng/ws_px4/install/px4_msgs/share/px4_msgs/hook/ld_library_path_lib.sh'
[294.523s] Level 1:colcon.colcon_core.environment:checking '/home/ywzheng/ws_px4/install/px4_msgs/bin'
[294.523s] Level 1:colcon.colcon_core.environment:checking '/home/ywzheng/ws_px4/install/px4_msgs/lib/pkgconfig/px4_msgs.pc'
[294.524s] Level 1:colcon.colcon_core.environment:checking '/home/ywzheng/ws_px4/install/px4_msgs/lib/python3.8/site-packages'
[294.524s] Level 1:colcon.colcon_core.shell:create_environment_hook('px4_msgs', 'pythonpath')
[294.524s] INFO:colcon.colcon_core.shell:Creating environment hook '/home/ywzheng/ws_px4/install/px4_msgs/share/px4_msgs/hook/pythonpath.ps1'
[294.525s] INFO:colcon.colcon_core.shell:Creating environment descriptor '/home/ywzheng/ws_px4/install/px4_msgs/share/px4_msgs/hook/pythonpath.dsv'
[294.526s] INFO:colcon.colcon_core.shell:Creating environment hook '/home/ywzheng/ws_px4/install/px4_msgs/share/px4_msgs/hook/pythonpath.sh'
[294.527s] Level 1:colcon.colcon_core.environment:checking '/home/ywzheng/ws_px4/install/px4_msgs/bin'
[294.527s] INFO:colcon.colcon_core.shell:Creating package script '/home/ywzheng/ws_px4/install/px4_msgs/share/px4_msgs/package.ps1'
[294.529s] INFO:colcon.colcon_core.shell:Creating package descriptor '/home/ywzheng/ws_px4/install/px4_msgs/share/px4_msgs/package.dsv'
[294.531s] INFO:colcon.colcon_core.shell:Creating package script '/home/ywzheng/ws_px4/install/px4_msgs/share/px4_msgs/package.sh'
[294.533s] INFO:colcon.colcon_core.shell:Creating package script '/home/ywzheng/ws_px4/install/px4_msgs/share/px4_msgs/package.bash'
[294.535s] INFO:colcon.colcon_core.shell:Creating package script '/home/ywzheng/ws_px4/install/px4_msgs/share/px4_msgs/package.zsh'
[294.536s] Level 1:colcon.colcon_core.environment:create_file_with_runtime_dependencies(/home/ywzheng/ws_px4/install/px4_msgs/share/colcon-core/packages/px4_msgs)
[298.199s] Level 1:colcon.colcon_core.environment:create_environment_scripts_only(px4_msgs)
[298.199s] Level 1:colcon.colcon_core.environment:checking '/home/ywzheng/ws_px4/install/px4_msgs' for CMake module files
[298.200s] Level 1:colcon.colcon_core.environment:checking '/home/ywzheng/ws_px4/install/px4_msgs' for CMake config files
[298.200s] Level 1:colcon.colcon_core.shell:create_environment_hook('px4_msgs', 'cmake_prefix_path')
[298.200s] INFO:colcon.colcon_core.shell:Creating environment hook '/home/ywzheng/ws_px4/install/px4_msgs/share/px4_msgs/hook/cmake_prefix_path.ps1'
[298.201s] INFO:colcon.colcon_core.shell:Creating environment descriptor '/home/ywzheng/ws_px4/install/px4_msgs/share/px4_msgs/hook/cmake_prefix_path.dsv'
[298.201s] INFO:colcon.colcon_core.shell:Creating environment hook '/home/ywzheng/ws_px4/install/px4_msgs/share/px4_msgs/hook/cmake_prefix_path.sh'
[298.202s] Level 1:colcon.colcon_core.environment:checking '/home/ywzheng/ws_px4/install/px4_msgs/lib'
[298.202s] Level 1:colcon.colcon_core.shell:create_environment_hook('px4_msgs', 'ld_library_path_lib')
[298.202s] INFO:colcon.colcon_core.shell:Creating environment hook '/home/ywzheng/ws_px4/install/px4_msgs/share/px4_msgs/hook/ld_library_path_lib.ps1'
[298.202s] INFO:colcon.colcon_core.shell:Creating environment descriptor '/home/ywzheng/ws_px4/install/px4_msgs/share/px4_msgs/hook/ld_library_path_lib.dsv'
[298.203s] INFO:colcon.colcon_core.shell:Creating environment hook '/home/ywzheng/ws_px4/install/px4_msgs/share/px4_msgs/hook/ld_library_path_lib.sh'
[298.203s] Level 1:colcon.colcon_core.environment:checking '/home/ywzheng/ws_px4/install/px4_msgs/bin'
[298.203s] Level 1:colcon.colcon_core.environment:checking '/home/ywzheng/ws_px4/install/px4_msgs/lib/pkgconfig/px4_msgs.pc'
[298.203s] Level 1:colcon.colcon_core.environment:checking '/home/ywzheng/ws_px4/install/px4_msgs/lib/python3.8/site-packages'
[298.203s] Level 1:colcon.colcon_core.shell:create_environment_hook('px4_msgs', 'pythonpath')
[298.204s] INFO:colcon.colcon_core.shell:Creating environment hook '/home/ywzheng/ws_px4/install/px4_msgs/share/px4_msgs/hook/pythonpath.ps1'
[298.204s] INFO:colcon.colcon_core.shell:Creating environment descriptor '/home/ywzheng/ws_px4/install/px4_msgs/share/px4_msgs/hook/pythonpath.dsv'
[298.204s] INFO:colcon.colcon_core.shell:Creating environment hook '/home/ywzheng/ws_px4/install/px4_msgs/share/px4_msgs/hook/pythonpath.sh'
[298.205s] Level 1:colcon.colcon_core.environment:checking '/home/ywzheng/ws_px4/install/px4_msgs/bin'
[298.205s] INFO:colcon.colcon_core.shell:Creating package script '/home/ywzheng/ws_px4/install/px4_msgs/share/px4_msgs/package.ps1'
[298.206s] INFO:colcon.colcon_core.shell:Creating package descriptor '/home/ywzheng/ws_px4/install/px4_msgs/share/px4_msgs/package.dsv'
[298.206s] INFO:colcon.colcon_core.shell:Creating package script '/home/ywzheng/ws_px4/install/px4_msgs/share/px4_msgs/package.sh'
[298.206s] INFO:colcon.colcon_core.shell:Creating package script '/home/ywzheng/ws_px4/install/px4_msgs/share/px4_msgs/package.bash'
[298.207s] INFO:colcon.colcon_core.shell:Creating package script '/home/ywzheng/ws_px4/install/px4_msgs/share/px4_msgs/package.zsh'
[298.207s] Level 1:colcon.colcon_core.environment:create_file_with_runtime_dependencies(/home/ywzheng/ws_px4/install/px4_msgs/share/colcon-core/packages/px4_msgs)
[298.208s] INFO:colcon.colcon_ros.task.ament_cmake.build:Building ROS package in '/home/ywzheng/ws_px4/src/px4_ros_com' with build type 'ament_cmake'
[298.208s] INFO:colcon.colcon_cmake.task.cmake.build:Building CMake package in '/home/ywzheng/ws_px4/src/px4_ros_com'
[298.208s] INFO:colcon.colcon_core.shell:Skip shell extension 'powershell' for command environment: Not usable outside of PowerShell
[298.208s] DEBUG:colcon.colcon_core.shell:Skip shell extension 'dsv' for command environment
[298.222s] DEBUG:colcon.colcon_core.event_handler.log_command:Invoking command in '/home/ywzheng/ws_px4/build/px4_ros_com': AMENT_PREFIX_PATH=/home/ywzheng/ws_px4/install/px4_msgs:${AMENT_PREFIX_PATH} CMAKE_PREFIX_PATH=/home/ywzheng/ws_px4/install/px4_msgs:/opt/ros/foxy LD_LIBRARY_PATH=/home/ywzheng/ws_px4/install/px4_msgs/lib:${LD_LIBRARY_PATH} PYTHONPATH=/home/ywzheng/ws_px4/install/px4_msgs/lib/python3.8/site-packages:${PYTHONPATH} /usr/local/bin/cmake /home/ywzheng/ws_px4/src/px4_ros_com -DCMAKE_INSTALL_PREFIX=/home/ywzheng/ws_px4/install/px4_ros_com
[299.922s] DEBUG:colcon.colcon_core.event_handler.log_command:Invoked command in '/home/ywzheng/ws_px4/build/px4_ros_com' returned '0': AMENT_PREFIX_PATH=/home/ywzheng/ws_px4/install/px4_msgs:${AMENT_PREFIX_PATH} CMAKE_PREFIX_PATH=/home/ywzheng/ws_px4/install/px4_msgs:/opt/ros/foxy LD_LIBRARY_PATH=/home/ywzheng/ws_px4/install/px4_msgs/lib:${LD_LIBRARY_PATH} PYTHONPATH=/home/ywzheng/ws_px4/install/px4_msgs/lib/python3.8/site-packages:${PYTHONPATH} /usr/local/bin/cmake /home/ywzheng/ws_px4/src/px4_ros_com -DCMAKE_INSTALL_PREFIX=/home/ywzheng/ws_px4/install/px4_ros_com
[299.924s] DEBUG:colcon.colcon_core.event_handler.log_command:Invoking command in '/home/ywzheng/ws_px4/build/px4_ros_com': AMENT_PREFIX_PATH=/home/ywzheng/ws_px4/install/px4_msgs:${AMENT_PREFIX_PATH} CMAKE_PREFIX_PATH=/home/ywzheng/ws_px4/install/px4_msgs:/opt/ros/foxy LD_LIBRARY_PATH=/home/ywzheng/ws_px4/install/px4_msgs/lib:${LD_LIBRARY_PATH} PYTHONPATH=/home/ywzheng/ws_px4/install/px4_msgs/lib/python3.8/site-packages:${PYTHONPATH} /usr/local/bin/cmake --build /home/ywzheng/ws_px4/build/px4_ros_com -- -j8 -l8
[309.277s] DEBUG:colcon.colcon_core.event_handler.log_command:Invoked command in '/home/ywzheng/ws_px4/build/px4_ros_com' returned '0': AMENT_PREFIX_PATH=/home/ywzheng/ws_px4/install/px4_msgs:${AMENT_PREFIX_PATH} CMAKE_PREFIX_PATH=/home/ywzheng/ws_px4/install/px4_msgs:/opt/ros/foxy LD_LIBRARY_PATH=/home/ywzheng/ws_px4/install/px4_msgs/lib:${LD_LIBRARY_PATH} PYTHONPATH=/home/ywzheng/ws_px4/install/px4_msgs/lib/python3.8/site-packages:${PYTHONPATH} /usr/local/bin/cmake --build /home/ywzheng/ws_px4/build/px4_ros_com -- -j8 -l8
[309.311s] DEBUG:colcon.colcon_core.event_handler.log_command:Invoking command in '/home/ywzheng/ws_px4/build/px4_ros_com': AMENT_PREFIX_PATH=/home/ywzheng/ws_px4/install/px4_msgs:${AMENT_PREFIX_PATH} CMAKE_PREFIX_PATH=/home/ywzheng/ws_px4/install/px4_msgs:/opt/ros/foxy LD_LIBRARY_PATH=/home/ywzheng/ws_px4/install/px4_msgs/lib:${LD_LIBRARY_PATH} PYTHONPATH=/home/ywzheng/ws_px4/install/px4_msgs/lib/python3.8/site-packages:${PYTHONPATH} /usr/local/bin/cmake --install /home/ywzheng/ws_px4/build/px4_ros_com
[309.368s] Level 1:colcon.colcon_core.environment:create_environment_scripts_only(px4_ros_com)
[309.369s] Level 1:colcon.colcon_core.environment:checking '/home/ywzheng/ws_px4/install/px4_ros_com' for CMake module files
[309.369s] DEBUG:colcon.colcon_core.event_handler.log_command:Invoked command in '/home/ywzheng/ws_px4/build/px4_ros_com' returned '0': AMENT_PREFIX_PATH=/home/ywzheng/ws_px4/install/px4_msgs:${AMENT_PREFIX_PATH} CMAKE_PREFIX_PATH=/home/ywzheng/ws_px4/install/px4_msgs:/opt/ros/foxy LD_LIBRARY_PATH=/home/ywzheng/ws_px4/install/px4_msgs/lib:${LD_LIBRARY_PATH} PYTHONPATH=/home/ywzheng/ws_px4/install/px4_msgs/lib/python3.8/site-packages:${PYTHONPATH} /usr/local/bin/cmake --install /home/ywzheng/ws_px4/build/px4_ros_com
[309.369s] Level 1:colcon.colcon_core.environment:checking '/home/ywzheng/ws_px4/install/px4_ros_com' for CMake config files
[309.370s] Level 1:colcon.colcon_core.shell:create_environment_hook('px4_ros_com', 'cmake_prefix_path')
[309.370s] INFO:colcon.colcon_core.shell:Creating environment hook '/home/ywzheng/ws_px4/install/px4_ros_com/share/px4_ros_com/hook/cmake_prefix_path.ps1'
[309.370s] INFO:colcon.colcon_core.shell:Creating environment descriptor '/home/ywzheng/ws_px4/install/px4_ros_com/share/px4_ros_com/hook/cmake_prefix_path.dsv'
[309.371s] INFO:colcon.colcon_core.shell:Creating environment hook '/home/ywzheng/ws_px4/install/px4_ros_com/share/px4_ros_com/hook/cmake_prefix_path.sh'
[309.371s] Level 1:colcon.colcon_core.environment:checking '/home/ywzheng/ws_px4/install/px4_ros_com/lib'
[309.371s] Level 1:colcon.colcon_core.shell:create_environment_hook('px4_ros_com', 'ld_library_path_lib')
[309.371s] INFO:colcon.colcon_core.shell:Creating environment hook '/home/ywzheng/ws_px4/install/px4_ros_com/share/px4_ros_com/hook/ld_library_path_lib.ps1'
[309.372s] INFO:colcon.colcon_core.shell:Creating environment descriptor '/home/ywzheng/ws_px4/install/px4_ros_com/share/px4_ros_com/hook/ld_library_path_lib.dsv'
[309.372s] INFO:colcon.colcon_core.shell:Creating environment hook '/home/ywzheng/ws_px4/install/px4_ros_com/share/px4_ros_com/hook/ld_library_path_lib.sh'
[309.372s] Level 1:colcon.colcon_core.environment:checking '/home/ywzheng/ws_px4/install/px4_ros_com/bin'
[309.372s] Level 1:colcon.colcon_core.environment:checking '/home/ywzheng/ws_px4/install/px4_ros_com/lib/pkgconfig/px4_ros_com.pc'
[309.373s] Level 1:colcon.colcon_core.environment:checking '/home/ywzheng/ws_px4/install/px4_ros_com/lib/python3.8/site-packages'
[309.373s] Level 1:colcon.colcon_core.shell:create_environment_hook('px4_ros_com', 'pythonpath')
[309.373s] INFO:colcon.colcon_core.shell:Creating environment hook '/home/ywzheng/ws_px4/install/px4_ros_com/share/px4_ros_com/hook/pythonpath.ps1'
[309.373s] INFO:colcon.colcon_core.shell:Creating environment descriptor '/home/ywzheng/ws_px4/install/px4_ros_com/share/px4_ros_com/hook/pythonpath.dsv'
[309.374s] INFO:colcon.colcon_core.shell:Creating environment hook '/home/ywzheng/ws_px4/install/px4_ros_com/share/px4_ros_com/hook/pythonpath.sh'
[309.374s] Level 1:colcon.colcon_core.environment:checking '/home/ywzheng/ws_px4/install/px4_ros_com/bin'
[309.374s] INFO:colcon.colcon_core.shell:Creating package script '/home/ywzheng/ws_px4/install/px4_ros_com/share/px4_ros_com/package.ps1'
[309.375s] INFO:colcon.colcon_core.shell:Creating package descriptor '/home/ywzheng/ws_px4/install/px4_ros_com/share/px4_ros_com/package.dsv'
[309.375s] INFO:colcon.colcon_core.shell:Creating package script '/home/ywzheng/ws_px4/install/px4_ros_com/share/px4_ros_com/package.sh'
[309.376s] INFO:colcon.colcon_core.shell:Creating package script '/home/ywzheng/ws_px4/install/px4_ros_com/share/px4_ros_com/package.bash'
[309.376s] INFO:colcon.colcon_core.shell:Creating package script '/home/ywzheng/ws_px4/install/px4_ros_com/share/px4_ros_com/package.zsh'
[309.376s] Level 1:colcon.colcon_core.environment:create_file_with_runtime_dependencies(/home/ywzheng/ws_px4/install/px4_ros_com/share/colcon-core/packages/px4_ros_com)
[309.405s] Level 1:colcon.colcon_core.environment:create_environment_scripts_only(px4_ros_com)
[309.405s] Level 1:colcon.colcon_core.environment:checking '/home/ywzheng/ws_px4/install/px4_ros_com' for CMake module files
[309.406s] Level 1:colcon.colcon_core.environment:checking '/home/ywzheng/ws_px4/install/px4_ros_com' for CMake config files
[309.406s] Level 1:colcon.colcon_core.shell:create_environment_hook('px4_ros_com', 'cmake_prefix_path')
[309.406s] INFO:colcon.colcon_core.shell:Creating environment hook '/home/ywzheng/ws_px4/install/px4_ros_com/share/px4_ros_com/hook/cmake_prefix_path.ps1'
[309.407s] INFO:colcon.colcon_core.shell:Creating environment descriptor '/home/ywzheng/ws_px4/install/px4_ros_com/share/px4_ros_com/hook/cmake_prefix_path.dsv'
[309.407s] INFO:colcon.colcon_core.shell:Creating environment hook '/home/ywzheng/ws_px4/install/px4_ros_com/share/px4_ros_com/hook/cmake_prefix_path.sh'
[309.407s] Level 1:colcon.colcon_core.environment:checking '/home/ywzheng/ws_px4/install/px4_ros_com/lib'
[309.408s] Level 1:colcon.colcon_core.shell:create_environment_hook('px4_ros_com', 'ld_library_path_lib')
[309.408s] INFO:colcon.colcon_core.shell:Creating environment hook '/home/ywzheng/ws_px4/install/px4_ros_com/share/px4_ros_com/hook/ld_library_path_lib.ps1'
[309.408s] INFO:colcon.colcon_core.shell:Creating environment descriptor '/home/ywzheng/ws_px4/install/px4_ros_com/share/px4_ros_com/hook/ld_library_path_lib.dsv'
[309.408s] INFO:colcon.colcon_core.shell:Creating environment hook '/home/ywzheng/ws_px4/install/px4_ros_com/share/px4_ros_com/hook/ld_library_path_lib.sh'
[309.409s] Level 1:colcon.colcon_core.environment:checking '/home/ywzheng/ws_px4/install/px4_ros_com/bin'
[309.409s] Level 1:colcon.colcon_core.environment:checking '/home/ywzheng/ws_px4/install/px4_ros_com/lib/pkgconfig/px4_ros_com.pc'
[309.409s] Level 1:colcon.colcon_core.environment:checking '/home/ywzheng/ws_px4/install/px4_ros_com/lib/python3.8/site-packages'
[309.409s] Level 1:colcon.colcon_core.shell:create_environment_hook('px4_ros_com', 'pythonpath')
[309.409s] INFO:colcon.colcon_core.shell:Creating environment hook '/home/ywzheng/ws_px4/install/px4_ros_com/share/px4_ros_com/hook/pythonpath.ps1'
[309.410s] INFO:colcon.colcon_core.shell:Creating environment descriptor '/home/ywzheng/ws_px4/install/px4_ros_com/share/px4_ros_com/hook/pythonpath.dsv'
[309.410s] INFO:colcon.colcon_core.shell:Creating environment hook '/home/ywzheng/ws_px4/install/px4_ros_com/share/px4_ros_com/hook/pythonpath.sh'
[309.410s] Level 1:colcon.colcon_core.environment:checking '/home/ywzheng/ws_px4/install/px4_ros_com/bin'
[309.411s] INFO:colcon.colcon_core.shell:Creating package script '/home/ywzheng/ws_px4/install/px4_ros_com/share/px4_ros_com/package.ps1'
[309.411s] INFO:colcon.colcon_core.shell:Creating package descriptor '/home/ywzheng/ws_px4/install/px4_ros_com/share/px4_ros_com/package.dsv'
[309.412s] INFO:colcon.colcon_core.shell:Creating package script '/home/ywzheng/ws_px4/install/px4_ros_com/share/px4_ros_com/package.sh'
[309.412s] INFO:colcon.colcon_core.shell:Creating package script '/home/ywzheng/ws_px4/install/px4_ros_com/share/px4_ros_com/package.bash'
[309.413s] INFO:colcon.colcon_core.shell:Creating package script '/home/ywzheng/ws_px4/install/px4_ros_com/share/px4_ros_com/package.zsh'
[309.413s] Level 1:colcon.colcon_core.environment:create_file_with_runtime_dependencies(/home/ywzheng/ws_px4/install/px4_ros_com/share/colcon-core/packages/px4_ros_com)
[309.413s] DEBUG:colcon.colcon_parallel_executor.executor.parallel:closing loop
[309.414s] DEBUG:colcon.colcon_parallel_executor.executor.parallel:loop closed
[309.414s] DEBUG:colcon.colcon_parallel_executor.executor.parallel:run_until_complete finished with '0'
[309.414s] DEBUG:colcon.colcon_core.event_reactor:joining thread
[309.421s] INFO:colcon.colcon_core.plugin_system:Skipping extension 'colcon_notification.desktop_notification.terminal_notifier': Not used on non-Darwin systems
[309.421s] INFO:colcon.colcon_core.plugin_system:Skipping extension 'colcon_notification.desktop_notification.win32': Not used on non-Windows systems
[309.421s] INFO:colcon.colcon_notification.desktop_notification:Sending desktop notification using 'notify2'
[309.440s] DEBUG:colcon.colcon_core.event_reactor:joined thread
[309.440s] INFO:colcon.colcon_core.shell:Creating prefix script '/home/ywzheng/ws_px4/install/local_setup.ps1'
[309.441s] INFO:colcon.colcon_core.shell:Creating prefix util module '/home/ywzheng/ws_px4/install/_local_setup_util_ps1.py'
[309.443s] INFO:colcon.colcon_core.shell:Creating prefix chain script '/home/ywzheng/ws_px4/install/setup.ps1'
[309.444s] INFO:colcon.colcon_core.shell:Creating prefix script '/home/ywzheng/ws_px4/install/local_setup.sh'
[309.445s] INFO:colcon.colcon_core.shell:Creating prefix util module '/home/ywzheng/ws_px4/install/_local_setup_util_sh.py'
[309.445s] INFO:colcon.colcon_core.shell:Creating prefix chain script '/home/ywzheng/ws_px4/install/setup.sh'
[309.446s] INFO:colcon.colcon_core.shell:Creating prefix script '/home/ywzheng/ws_px4/install/local_setup.bash'
[309.447s] INFO:colcon.colcon_core.shell:Creating prefix chain script '/home/ywzheng/ws_px4/install/setup.bash'
[309.448s] INFO:colcon.colcon_core.shell:Creating prefix script '/home/ywzheng/ws_px4/install/local_setup.zsh'
[309.449s] INFO:colcon.colcon_core.shell:Creating prefix chain script '/home/ywzheng/ws_px4/install/setup.zsh'
