[0.013s] Invoking command in '/home/ywzheng/ws_px4/build/px4_ros_com': AMENT_PREFIX_PATH=/home/ywzheng/ws_px4/install/px4_msgs:${AMENT_PREFIX_PATH} CMAKE_PREFIX_PATH=/home/ywzheng/ws_px4/install/px4_msgs:/opt/ros/foxy LD_LIBRARY_PATH=/home/ywzheng/ws_px4/install/px4_msgs/lib:${LD_LIBRARY_PATH} PYTHONPATH=/home/ywzheng/ws_px4/install/px4_msgs/lib/python3.8/site-packages:${PYTHONPATH} /usr/local/bin/cmake --build /home/ywzheng/ws_px4/build/px4_ros_com -- -j8 -l8
[0.044s] [ 16%] Built target frame_transforms
[0.045s] [ 33%] Built target vehicle_gps_position_listener
[0.050s] [ 50%] Built target sensor_combined_listener
[0.050s] [ 66%] Built target offboard_control
[0.051s] [ 83%] Built target debug_vect_advertiser
[0.052s] [100%] Built target offboard_control_srv
[0.058s] Invoked command in '/home/ywzheng/ws_px4/build/px4_ros_com' returned '0': AMENT_PREFIX_PATH=/home/ywzheng/ws_px4/install/px4_msgs:${AMENT_PREFIX_PATH} CMAKE_PREFIX_PATH=/home/ywzheng/ws_px4/install/px4_msgs:/opt/ros/foxy LD_LIBRARY_PATH=/home/ywzheng/ws_px4/install/px4_msgs/lib:${LD_LIBRARY_PATH} PYTHONPATH=/home/ywzheng/ws_px4/install/px4_msgs/lib/python3.8/site-packages:${PYTHONPATH} /usr/local/bin/cmake --build /home/ywzheng/ws_px4/build/px4_ros_com -- -j8 -l8
[0.089s] Invoking command in '/home/ywzheng/ws_px4/build/px4_ros_com': AMENT_PREFIX_PATH=/home/ywzheng/ws_px4/install/px4_msgs:${AMENT_PREFIX_PATH} CMAKE_PREFIX_PATH=/home/ywzheng/ws_px4/install/px4_msgs:/opt/ros/foxy LD_LIBRARY_PATH=/home/ywzheng/ws_px4/install/px4_msgs/lib:${LD_LIBRARY_PATH} PYTHONPATH=/home/ywzheng/ws_px4/install/px4_msgs/lib/python3.8/site-packages:${PYTHONPATH} /usr/local/bin/cmake --install /home/ywzheng/ws_px4/build/px4_ros_com
[0.092s] -- Install configuration: ""
[0.092s] -- Up-to-date: /home/ywzheng/ws_px4/install/px4_ros_com/lib/px4_ros_com/sensor_combined_listener
[0.093s] -- Up-to-date: /home/ywzheng/ws_px4/install/px4_ros_com/lib/px4_ros_com/vehicle_gps_position_listener
[0.093s] -- Up-to-date: /home/ywzheng/ws_px4/install/px4_ros_com/lib/px4_ros_com/debug_vect_advertiser
[0.093s] -- Up-to-date: /home/ywzheng/ws_px4/install/px4_ros_com/lib/px4_ros_com/offboard_control
[0.094s] -- Up-to-date: /home/ywzheng/ws_px4/install/px4_ros_com/lib/px4_ros_com/offboard_control_srv
[0.094s] -- Up-to-date: /home/ywzheng/ws_px4/install/px4_ros_com/share/px4_ros_com/environment/library_path.sh
[0.094s] -- Up-to-date: /home/ywzheng/ws_px4/install/px4_ros_com/share/px4_ros_com/environment/library_path.dsv
[0.095s] -- Up-to-date: /home/ywzheng/ws_px4/install/px4_ros_com/include/px4_ros_com
[0.095s] -- Up-to-date: /home/ywzheng/ws_px4/install/px4_ros_com/include/px4_ros_com/frame_transforms.h
[0.095s] -- Up-to-date: /home/ywzheng/ws_px4/install/px4_ros_com/lib/libframe_transforms.so
[0.095s] -- Up-to-date: /home/ywzheng/ws_px4/install/px4_ros_com/share/px4_ros_com//launch
[0.095s] -- Up-to-date: /home/ywzheng/ws_px4/install/px4_ros_com/share/px4_ros_com//launch/offboard_control_launch.yaml
[0.095s] -- Up-to-date: /home/ywzheng/ws_px4/install/px4_ros_com/share/px4_ros_com//launch/sensor_combined_listener.launch.py
[0.095s] -- Up-to-date: /home/ywzheng/ws_px4/install/px4_ros_com/share/px4_ros_com//test
[0.095s] -- Up-to-date: /home/ywzheng/ws_px4/install/px4_ros_com/share/px4_ros_com//test/test_output.py
[0.096s] -- Up-to-date: /home/ywzheng/ws_px4/install/px4_ros_com/share/px4_ros_com//test/__init__.py
[0.096s] -- Up-to-date: /home/ywzheng/ws_px4/install/px4_ros_com/share/px4_ros_com//test/pipeline_io_test.py
[0.096s] -- Up-to-date: /home/ywzheng/ws_px4/install/px4_ros_com/share/px4_ros_com//test/test_input.py
[0.096s] -- Up-to-date: /home/ywzheng/ws_px4/install/px4_ros_com/share/px4_ros_com/environment/pythonpath.sh
[0.096s] -- Up-to-date: /home/ywzheng/ws_px4/install/px4_ros_com/share/px4_ros_com/environment/pythonpath.dsv
[0.096s] -- Up-to-date: /home/ywzheng/ws_px4/install/px4_ros_com/lib/python3.8/site-packages/px4_ros_com
[0.096s] -- Up-to-date: /home/ywzheng/ws_px4/install/px4_ros_com/lib/python3.8/site-packages/px4_ros_com/__init__.py
[0.096s] -- Up-to-date: /home/ywzheng/ws_px4/install/px4_ros_com/lib/python3.8/site-packages/px4_ros_com/module_to_import.py
[0.131s] Listing '/home/ywzheng/ws_px4/install/px4_ros_com/lib/python3.8/site-packages/px4_ros_com'...
[0.136s] -- Up-to-date: /home/ywzheng/ws_px4/install/px4_ros_com/lib/px4_ros_com/offboard_control.py
[0.136s] -- Up-to-date: /home/ywzheng/ws_px4/install/px4_ros_com/share/ament_index/resource_index/package_run_dependencies/px4_ros_com
[0.136s] -- Up-to-date: /home/ywzheng/ws_px4/install/px4_ros_com/share/ament_index/resource_index/parent_prefix_path/px4_ros_com
[0.136s] -- Up-to-date: /home/ywzheng/ws_px4/install/px4_ros_com/share/px4_ros_com/environment/ament_prefix_path.sh
[0.136s] -- Up-to-date: /home/ywzheng/ws_px4/install/px4_ros_com/share/px4_ros_com/environment/ament_prefix_path.dsv
[0.136s] -- Up-to-date: /home/ywzheng/ws_px4/install/px4_ros_com/share/px4_ros_com/environment/path.sh
[0.136s] -- Up-to-date: /home/ywzheng/ws_px4/install/px4_ros_com/share/px4_ros_com/environment/path.dsv
[0.136s] -- Up-to-date: /home/ywzheng/ws_px4/install/px4_ros_com/share/px4_ros_com/local_setup.bash
[0.136s] -- Up-to-date: /home/ywzheng/ws_px4/install/px4_ros_com/share/px4_ros_com/local_setup.sh
[0.137s] -- Up-to-date: /home/ywzheng/ws_px4/install/px4_ros_com/share/px4_ros_com/local_setup.zsh
[0.137s] -- Up-to-date: /home/ywzheng/ws_px4/install/px4_ros_com/share/px4_ros_com/local_setup.dsv
[0.137s] -- Installing: /home/ywzheng/ws_px4/install/px4_ros_com/share/px4_ros_com/package.dsv
[0.137s] -- Up-to-date: /home/ywzheng/ws_px4/install/px4_ros_com/share/ament_index/resource_index/packages/px4_ros_com
[0.137s] -- Up-to-date: /home/ywzheng/ws_px4/install/px4_ros_com/share/px4_ros_com/cmake/export_frame_transformsExport.cmake
[0.137s] -- Up-to-date: /home/ywzheng/ws_px4/install/px4_ros_com/share/px4_ros_com/cmake/export_frame_transformsExport-noconfig.cmake
[0.137s] -- Up-to-date: /home/ywzheng/ws_px4/install/px4_ros_com/share/px4_ros_com/cmake/ament_cmake_export_dependencies-extras.cmake
[0.137s] -- Up-to-date: /home/ywzheng/ws_px4/install/px4_ros_com/share/px4_ros_com/cmake/ament_cmake_export_targets-extras.cmake
[0.137s] -- Up-to-date: /home/ywzheng/ws_px4/install/px4_ros_com/share/px4_ros_com/cmake/ament_cmake_export_include_directories-extras.cmake
[0.137s] -- Up-to-date: /home/ywzheng/ws_px4/install/px4_ros_com/share/px4_ros_com/cmake/ament_cmake_export_libraries-extras.cmake
[0.137s] -- Up-to-date: /home/ywzheng/ws_px4/install/px4_ros_com/share/px4_ros_com/cmake/px4_ros_comConfig.cmake
[0.137s] -- Up-to-date: /home/ywzheng/ws_px4/install/px4_ros_com/share/px4_ros_com/cmake/px4_ros_comConfig-version.cmake
[0.137s] -- Up-to-date: /home/ywzheng/ws_px4/install/px4_ros_com/share/px4_ros_com/package.xml
[0.139s] Invoked command in '/home/ywzheng/ws_px4/build/px4_ros_com' returned '0': AMENT_PREFIX_PATH=/home/ywzheng/ws_px4/install/px4_msgs:${AMENT_PREFIX_PATH} CMAKE_PREFIX_PATH=/home/ywzheng/ws_px4/install/px4_msgs:/opt/ros/foxy LD_LIBRARY_PATH=/home/ywzheng/ws_px4/install/px4_msgs/lib:${LD_LIBRARY_PATH} PYTHONPATH=/home/ywzheng/ws_px4/install/px4_msgs/lib/python3.8/site-packages:${PYTHONPATH} /usr/local/bin/cmake --install /home/ywzheng/ws_px4/build/px4_ros_com
