[0.013s] Invoking command in '/home/ywzheng/ws_px4/build/px4_ros_com': AMENT_PREFIX_PATH=/home/ywzheng/ws_px4/install/px4_msgs:${AMENT_PREFIX_PATH} CMAKE_PREFIX_PATH=/home/ywzheng/ws_px4/install/px4_msgs:/opt/ros/foxy LD_LIBRARY_PATH=/home/ywzheng/ws_px4/install/px4_msgs/lib:${LD_LIBRARY_PATH} PYTHONPATH=/home/ywzheng/ws_px4/install/px4_msgs/lib/python3.8/site-packages:${PYTHONPATH} /usr/local/bin/cmake /home/ywzheng/ws_px4/src/px4_ros_com -DCMAKE_INSTALL_PREFIX=/home/ywzheng/ws_px4/install/px4_ros_com
[0.064s] -- The C compiler identification is GNU 9.4.0
[0.126s] -- The CXX compiler identification is GNU 9.4.0
[0.138s] -- Detecting C compiler ABI info
[0.194s] -- Detecting C compiler ABI info - done
[0.213s] -- Check for working C compiler: /usr/bin/cc - skipped
[0.213s] -- Detecting C compile features
[0.214s] -- Detecting C compile features - done
[0.218s] -- Detecting CXX compiler ABI info
[0.285s] -- Detecting CXX compiler ABI info - done
[0.305s] -- Check for working CXX compiler: /usr/bin/c++ - skipped
[0.306s] -- Detecting CXX compile features
[0.306s] -- Detecting CXX compile features - done
[0.309s] -- Found ament_cmake: 0.9.12 (/opt/ros/foxy/share/ament_cmake/cmake)
[0.313s] [33mCMake Warning (dev) at /opt/ros/foxy/share/ament_cmake_core/cmake/core/python.cmake:22 (find_package):
[0.313s]   Policy CMP0148 is not set: The FindPythonInterp and FindPythonLibs modules
[0.313s]   are removed.  Run "cmake --help-policy CMP0148" for policy details.  Use
[0.314s]   the cmake_policy command to set the policy and suppress this warning.
[0.314s] 
[0.314s] Call Stack (most recent call first):
[0.314s]   /opt/ros/foxy/share/ament_cmake_core/cmake/core/all.cmake:53 (include)
[0.314s]   /opt/ros/foxy/share/ament_cmake_core/cmake/ament_cmake_core-extras.cmake:17 (include)
[0.314s]   /opt/ros/foxy/share/ament_cmake_core/cmake/ament_cmake_coreConfig.cmake:41 (include)
[0.314s]   /opt/ros/foxy/share/ament_cmake/cmake/ament_cmake_export_dependencies-extras.cmake:15 (find_package)
[0.314s]   /opt/ros/foxy/share/ament_cmake/cmake/ament_cmakeConfig.cmake:41 (include)
[0.314s]   CMakeLists.txt:19 (find_package)
[0.314s] This warning is for project developers.  Use -Wno-dev to suppress it.
[0.314s] [0m
[0.335s] -- Found PythonInterp: /usr/bin/python3 (found suitable version "3.8.10", minimum required is "3")
[0.335s] -- Using PYTHON_EXECUTABLE: /usr/bin/python3
[0.556s] -- Found builtin_interfaces: 1.0.0 (/opt/ros/foxy/share/builtin_interfaces/cmake)
[0.586s] -- Using all available rosidl_typesupport_c: rosidl_typesupport_fastrtps_c;rosidl_typesupport_introspection_c
[0.593s] -- Found rosidl_adapter: 1.3.1 (/opt/ros/foxy/share/rosidl_adapter/cmake)
[0.673s] -- Found OpenSSL: /usr/lib/x86_64-linux-gnu/libcrypto.so (found version "1.1.1f")
[0.705s] -- Found FastRTPS: /opt/ros/foxy/include
[0.790s] -- Using all available rosidl_typesupport_cpp: rosidl_typesupport_fastrtps_cpp;rosidl_typesupport_introspection_cpp
[0.823s] -- Found eigen3_cmake_module: 0.1.1 (/opt/ros/foxy/share/eigen3_cmake_module/cmake)
[0.826s] -- Found Eigen3: TRUE (found version "3.3.7")
[0.830s] -- Found geometry_msgs: 2.0.5 (/opt/ros/foxy/share/geometry_msgs/cmake)
[0.905s] -- Found px4_msgs: 2.0.1 (/home/ywzheng/ws_px4/install/px4_msgs/share/px4_msgs/cmake)
[0.929s] -- Found rclcpp: 2.4.3 (/opt/ros/foxy/share/rclcpp/cmake)
[0.992s] -- Found rmw_implementation_cmake: 1.0.4 (/opt/ros/foxy/share/rmw_implementation_cmake/cmake)
[0.994s] -- Using RMW implementation 'rmw_fastrtps_cpp' as default
[0.995s] -- Performing Test CMAKE_HAVE_LIBC_PTHREAD
[1.056s] -- Performing Test CMAKE_HAVE_LIBC_PTHREAD - Failed
[1.056s] -- Looking for pthread_create in pthreads
[1.102s] -- Looking for pthread_create in pthreads - not found
[1.102s] -- Looking for pthread_create in pthread
[1.163s] -- Looking for pthread_create in pthread - found
[1.164s] -- Found Threads: TRUE
[1.320s] -- Found sensor_msgs: 2.0.5 (/opt/ros/foxy/share/sensor_msgs/cmake)
[1.400s] -- Found rclpy: 1.0.13 (/opt/ros/foxy/share/rclpy/cmake)
[1.410s] -- Found ament_lint_auto: 0.9.8 (/opt/ros/foxy/share/ament_lint_auto/cmake)
[1.647s] -- Added test 'copyright' to check source files copyright and LICENSE
[1.653s] -- Added test 'cppcheck' to perform static code analysis on C / C++ code
[1.654s] -- Configured cppcheck include dirs: /home/ywzheng/ws_px4/src/px4_ros_com/include;$<BUILD_INTERFACE:/home/ywzheng/ws_px4/src/px4_ros_com/include/px4_ros_com>
[1.654s] -- Configured cppcheck exclude dirs and/or files: 
[1.660s] -- Added test 'cpplint' to check C / C++ code against the Google style
[1.660s] -- Configured cpplint exclude dirs and/or files: 
[1.661s] -- Added test 'flake8' to check Python code syntax and style conventions
[1.663s] -- Added test 'lint_cmake' to check CMake code style
[1.664s] -- Added test 'pep257' to check Python code against some of the style conventions in PEP 257
[1.670s] -- Added test 'uncrustify' to check C / C++ code style
[1.670s] -- Configured uncrustify additional arguments: 
[1.672s] -- Added test 'xmllint' to check XML markup files
[1.674s] -- Configuring done (1.7s)
[1.702s] -- Generating done (0.0s)
[1.702s] -- Build files have been written to: /home/ywzheng/ws_px4/build/px4_ros_com
[1.713s] Invoked command in '/home/ywzheng/ws_px4/build/px4_ros_com' returned '0': AMENT_PREFIX_PATH=/home/ywzheng/ws_px4/install/px4_msgs:${AMENT_PREFIX_PATH} CMAKE_PREFIX_PATH=/home/ywzheng/ws_px4/install/px4_msgs:/opt/ros/foxy LD_LIBRARY_PATH=/home/ywzheng/ws_px4/install/px4_msgs/lib:${LD_LIBRARY_PATH} PYTHONPATH=/home/ywzheng/ws_px4/install/px4_msgs/lib/python3.8/site-packages:${PYTHONPATH} /usr/local/bin/cmake /home/ywzheng/ws_px4/src/px4_ros_com -DCMAKE_INSTALL_PREFIX=/home/ywzheng/ws_px4/install/px4_ros_com
[1.715s] Invoking command in '/home/ywzheng/ws_px4/build/px4_ros_com': AMENT_PREFIX_PATH=/home/ywzheng/ws_px4/install/px4_msgs:${AMENT_PREFIX_PATH} CMAKE_PREFIX_PATH=/home/ywzheng/ws_px4/install/px4_msgs:/opt/ros/foxy LD_LIBRARY_PATH=/home/ywzheng/ws_px4/install/px4_msgs/lib:${LD_LIBRARY_PATH} PYTHONPATH=/home/ywzheng/ws_px4/install/px4_msgs/lib/python3.8/site-packages:${PYTHONPATH} /usr/local/bin/cmake --build /home/ywzheng/ws_px4/build/px4_ros_com -- -j8 -l8
[1.736s] [  8%] [32mBuilding CXX object CMakeFiles/frame_transforms.dir/src/lib/frame_transforms.cpp.o[0m
[1.737s] [ 25%] [32mBuilding CXX object CMakeFiles/vehicle_gps_position_listener.dir/src/examples/listeners/vehicle_gps_position_listener.cpp.o[0m
[1.737s] [ 25%] [32mBuilding CXX object CMakeFiles/sensor_combined_listener.dir/src/examples/listeners/sensor_combined_listener.cpp.o[0m
[1.737s] [ 33%] [32mBuilding CXX object CMakeFiles/debug_vect_advertiser.dir/src/examples/advertisers/debug_vect_advertiser.cpp.o[0m
[1.738s] [ 41%] [32mBuilding CXX object CMakeFiles/offboard_control_srv.dir/src/examples/offboard/offboard_control_srv.cpp.o[0m
[1.738s] [ 50%] [32mBuilding CXX object CMakeFiles/offboard_control.dir/src/examples/offboard/offboard_control.cpp.o[0m
[6.487s] [ 58%] [32m[1mLinking CXX executable offboard_control[0m
[6.988s] [ 58%] Built target offboard_control
[7.046s] [ 66%] [32m[1mLinking CXX executable offboard_control_srv[0m
[7.418s] [ 75%] [32m[1mLinking CXX executable debug_vect_advertiser[0m
[7.494s] [ 75%] Built target offboard_control_srv
[7.656s] [ 75%] Built target debug_vect_advertiser
[9.516s] [ 83%] [32m[1mLinking CXX executable sensor_combined_listener[0m
[9.550s] [ 91%] [32m[1mLinking CXX executable vehicle_gps_position_listener[0m
[9.850s] [ 91%] Built target sensor_combined_listener
[9.878s] [ 91%] Built target vehicle_gps_position_listener
[10.800s] [100%] [32m[1mLinking CXX shared library libframe_transforms.so[0m
[11.062s] [100%] Built target frame_transforms
[11.067s] Invoked command in '/home/ywzheng/ws_px4/build/px4_ros_com' returned '0': AMENT_PREFIX_PATH=/home/ywzheng/ws_px4/install/px4_msgs:${AMENT_PREFIX_PATH} CMAKE_PREFIX_PATH=/home/ywzheng/ws_px4/install/px4_msgs:/opt/ros/foxy LD_LIBRARY_PATH=/home/ywzheng/ws_px4/install/px4_msgs/lib:${LD_LIBRARY_PATH} PYTHONPATH=/home/ywzheng/ws_px4/install/px4_msgs/lib/python3.8/site-packages:${PYTHONPATH} /usr/local/bin/cmake --build /home/ywzheng/ws_px4/build/px4_ros_com -- -j8 -l8
[11.101s] Invoking command in '/home/ywzheng/ws_px4/build/px4_ros_com': AMENT_PREFIX_PATH=/home/ywzheng/ws_px4/install/px4_msgs:${AMENT_PREFIX_PATH} CMAKE_PREFIX_PATH=/home/ywzheng/ws_px4/install/px4_msgs:/opt/ros/foxy LD_LIBRARY_PATH=/home/ywzheng/ws_px4/install/px4_msgs/lib:${LD_LIBRARY_PATH} PYTHONPATH=/home/ywzheng/ws_px4/install/px4_msgs/lib/python3.8/site-packages:${PYTHONPATH} /usr/local/bin/cmake --install /home/ywzheng/ws_px4/build/px4_ros_com
[11.103s] -- Install configuration: ""
[11.103s] -- Installing: /home/ywzheng/ws_px4/install/px4_ros_com/lib/px4_ros_com/sensor_combined_listener
[11.106s] -- Set non-toolchain portion of runtime path of "/home/ywzheng/ws_px4/install/px4_ros_com/lib/px4_ros_com/sensor_combined_listener" to ""
[11.106s] -- Installing: /home/ywzheng/ws_px4/install/px4_ros_com/lib/px4_ros_com/vehicle_gps_position_listener
[11.108s] -- Set non-toolchain portion of runtime path of "/home/ywzheng/ws_px4/install/px4_ros_com/lib/px4_ros_com/vehicle_gps_position_listener" to ""
[11.108s] -- Installing: /home/ywzheng/ws_px4/install/px4_ros_com/lib/px4_ros_com/debug_vect_advertiser
[11.109s] -- Set non-toolchain portion of runtime path of "/home/ywzheng/ws_px4/install/px4_ros_com/lib/px4_ros_com/debug_vect_advertiser" to ""
[11.109s] -- Installing: /home/ywzheng/ws_px4/install/px4_ros_com/lib/px4_ros_com/offboard_control
[11.111s] -- Set non-toolchain portion of runtime path of "/home/ywzheng/ws_px4/install/px4_ros_com/lib/px4_ros_com/offboard_control" to ""
[11.111s] -- Installing: /home/ywzheng/ws_px4/install/px4_ros_com/lib/px4_ros_com/offboard_control_srv
[11.112s] -- Set non-toolchain portion of runtime path of "/home/ywzheng/ws_px4/install/px4_ros_com/lib/px4_ros_com/offboard_control_srv" to ""
[11.113s] -- Installing: /home/ywzheng/ws_px4/install/px4_ros_com/share/px4_ros_com/environment/library_path.sh
[11.113s] -- Installing: /home/ywzheng/ws_px4/install/px4_ros_com/share/px4_ros_com/environment/library_path.dsv
[11.113s] -- Installing: /home/ywzheng/ws_px4/install/px4_ros_com/include/px4_ros_com
[11.113s] -- Installing: /home/ywzheng/ws_px4/install/px4_ros_com/include/px4_ros_com/frame_transforms.h
[11.113s] -- Installing: /home/ywzheng/ws_px4/install/px4_ros_com/lib/libframe_transforms.so
[11.117s] -- Set non-toolchain portion of runtime path of "/home/ywzheng/ws_px4/install/px4_ros_com/lib/libframe_transforms.so" to ""
[11.117s] -- Installing: /home/ywzheng/ws_px4/install/px4_ros_com/share/px4_ros_com//launch
[11.117s] -- Installing: /home/ywzheng/ws_px4/install/px4_ros_com/share/px4_ros_com//launch/offboard_control_launch.yaml
[11.117s] -- Installing: /home/ywzheng/ws_px4/install/px4_ros_com/share/px4_ros_com//launch/sensor_combined_listener.launch.py
[11.117s] -- Installing: /home/ywzheng/ws_px4/install/px4_ros_com/share/px4_ros_com//test
[11.118s] -- Installing: /home/ywzheng/ws_px4/install/px4_ros_com/share/px4_ros_com//test/test_output.py
[11.118s] -- Installing: /home/ywzheng/ws_px4/install/px4_ros_com/share/px4_ros_com//test/__init__.py
[11.118s] -- Installing: /home/ywzheng/ws_px4/install/px4_ros_com/share/px4_ros_com//test/pipeline_io_test.py
[11.118s] -- Installing: /home/ywzheng/ws_px4/install/px4_ros_com/share/px4_ros_com//test/test_input.py
[11.118s] -- Installing: /home/ywzheng/ws_px4/install/px4_ros_com/share/px4_ros_com/environment/pythonpath.sh
[11.118s] -- Installing: /home/ywzheng/ws_px4/install/px4_ros_com/share/px4_ros_com/environment/pythonpath.dsv
[11.118s] -- Installing: /home/ywzheng/ws_px4/install/px4_ros_com/lib/python3.8/site-packages/px4_ros_com
[11.119s] -- Installing: /home/ywzheng/ws_px4/install/px4_ros_com/lib/python3.8/site-packages/px4_ros_com/__init__.py
[11.119s] -- Installing: /home/ywzheng/ws_px4/install/px4_ros_com/lib/python3.8/site-packages/px4_ros_com/module_to_import.py
[11.151s] Listing '/home/ywzheng/ws_px4/install/px4_ros_com/lib/python3.8/site-packages/px4_ros_com'...
[11.151s] Compiling '/home/ywzheng/ws_px4/install/px4_ros_com/lib/python3.8/site-packages/px4_ros_com/__init__.py'...
[11.151s] Compiling '/home/ywzheng/ws_px4/install/px4_ros_com/lib/python3.8/site-packages/px4_ros_com/module_to_import.py'...
[11.155s] -- Installing: /home/ywzheng/ws_px4/install/px4_ros_com/lib/px4_ros_com/offboard_control.py
[11.155s] -- Installing: /home/ywzheng/ws_px4/install/px4_ros_com/share/ament_index/resource_index/package_run_dependencies/px4_ros_com
[11.155s] -- Installing: /home/ywzheng/ws_px4/install/px4_ros_com/share/ament_index/resource_index/parent_prefix_path/px4_ros_com
[11.155s] -- Installing: /home/ywzheng/ws_px4/install/px4_ros_com/share/px4_ros_com/environment/ament_prefix_path.sh
[11.155s] -- Installing: /home/ywzheng/ws_px4/install/px4_ros_com/share/px4_ros_com/environment/ament_prefix_path.dsv
[11.156s] -- Installing: /home/ywzheng/ws_px4/install/px4_ros_com/share/px4_ros_com/environment/path.sh
[11.156s] -- Installing: /home/ywzheng/ws_px4/install/px4_ros_com/share/px4_ros_com/environment/path.dsv
[11.156s] -- Installing: /home/ywzheng/ws_px4/install/px4_ros_com/share/px4_ros_com/local_setup.bash
[11.156s] -- Installing: /home/ywzheng/ws_px4/install/px4_ros_com/share/px4_ros_com/local_setup.sh
[11.156s] -- Installing: /home/ywzheng/ws_px4/install/px4_ros_com/share/px4_ros_com/local_setup.zsh
[11.156s] -- Installing: /home/ywzheng/ws_px4/install/px4_ros_com/share/px4_ros_com/local_setup.dsv
[11.156s] -- Installing: /home/ywzheng/ws_px4/install/px4_ros_com/share/px4_ros_com/package.dsv
[11.157s] -- Installing: /home/ywzheng/ws_px4/install/px4_ros_com/share/ament_index/resource_index/packages/px4_ros_com
[11.157s] -- Installing: /home/ywzheng/ws_px4/install/px4_ros_com/share/px4_ros_com/cmake/export_frame_transformsExport.cmake
[11.157s] -- Installing: /home/ywzheng/ws_px4/install/px4_ros_com/share/px4_ros_com/cmake/export_frame_transformsExport-noconfig.cmake
[11.157s] -- Installing: /home/ywzheng/ws_px4/install/px4_ros_com/share/px4_ros_com/cmake/ament_cmake_export_dependencies-extras.cmake
[11.157s] -- Installing: /home/ywzheng/ws_px4/install/px4_ros_com/share/px4_ros_com/cmake/ament_cmake_export_targets-extras.cmake
[11.157s] -- Installing: /home/ywzheng/ws_px4/install/px4_ros_com/share/px4_ros_com/cmake/ament_cmake_export_include_directories-extras.cmake
[11.157s] -- Installing: /home/ywzheng/ws_px4/install/px4_ros_com/share/px4_ros_com/cmake/ament_cmake_export_libraries-extras.cmake
[11.158s] -- Installing: /home/ywzheng/ws_px4/install/px4_ros_com/share/px4_ros_com/cmake/px4_ros_comConfig.cmake
[11.158s] -- Installing: /home/ywzheng/ws_px4/install/px4_ros_com/share/px4_ros_com/cmake/px4_ros_comConfig-version.cmake
[11.158s] -- Installing: /home/ywzheng/ws_px4/install/px4_ros_com/share/px4_ros_com/package.xml
[11.159s] Invoked command in '/home/ywzheng/ws_px4/build/px4_ros_com' returned '0': AMENT_PREFIX_PATH=/home/ywzheng/ws_px4/install/px4_msgs:${AMENT_PREFIX_PATH} CMAKE_PREFIX_PATH=/home/ywzheng/ws_px4/install/px4_msgs:/opt/ros/foxy LD_LIBRARY_PATH=/home/ywzheng/ws_px4/install/px4_msgs/lib:${LD_LIBRARY_PATH} PYTHONPATH=/home/ywzheng/ws_px4/install/px4_msgs/lib/python3.8/site-packages:${PYTHONPATH} /usr/local/bin/cmake --install /home/ywzheng/ws_px4/build/px4_ros_com
